[2017-12-31 01:09:02] application.INFO: Matched route "{route}". {"route":"POST_api_v1_sessions","route_parameters":{"_controller":"sessions.controller:signIn","_route":"POST_api_v1_sessions"},"request_uri":"http://vestapp.000webhostapp.com/api/v1/sessions","method":"POST"} []
[2017-12-31 01:09:02] application.DEBUG: > POST /api/v1/sessions [] []
[2017-12-31 01:09:02] application.DEBUG: < 200 [] []
[2017-12-31 01:09:11] application.INFO: Matched route "{route}". {"route":"POST_api_v1_sessions","route_parameters":{"_controller":"sessions.controller:signIn","_route":"POST_api_v1_sessions"},"request_uri":"http://vestapp.000webhostapp.com/api/v1/sessions","method":"POST"} []
[2017-12-31 01:09:11] application.DEBUG: > POST /api/v1/sessions [] []
[2017-12-31 01:09:11] application.DEBUG: < 200 [] []
[2017-12-31 01:09:53] application.INFO: Matched route "{route}". {"route":"POST_api_v1_users","route_parameters":{"_controller":"users.controller:save","_route":"POST_api_v1_users"},"request_uri":"http://vestapp.000webhostapp.com/api/v1/users","method":"POST"} []
[2017-12-31 01:09:53] application.DEBUG: > POST /api/v1/users [] []
[2017-12-31 01:09:53] application.DEBUG: < 200 [] []
[2017-12-31 01:09:54] application.INFO: Matched route "{route}". {"route":"POST_api_v1_sessions","route_parameters":{"_controller":"sessions.controller:signIn","_route":"POST_api_v1_sessions"},"request_uri":"http://vestapp.000webhostapp.com/api/v1/sessions","method":"POST"} []
[2017-12-31 01:09:54] application.DEBUG: > POST /api/v1/sessions [] []
[2017-12-31 01:09:54] application.DEBUG: < 200 [] []
[2017-12-31 01:10:06] application.INFO: Matched route "{route}". {"route":"POST_api_v1_sessions","route_parameters":{"_controller":"sessions.controller:signIn","_route":"POST_api_v1_sessions"},"request_uri":"http://vestapp.000webhostapp.com/api/v1/sessions","method":"POST"} []
[2017-12-31 01:10:06] application.DEBUG: > POST /api/v1/sessions [] []
[2017-12-31 01:10:06] application.DEBUG: < 200 [] []
[2017-12-31 01:11:30] application.INFO: Matched route "{route}". {"route":"POST_api_v1_sessions","route_parameters":{"_controller":"sessions.controller:signIn","_route":"POST_api_v1_sessions"},"request_uri":"http://vestapp.000webhostapp.com/api/v1/sessions","method":"POST"} []
[2017-12-31 01:11:30] application.DEBUG: > POST /api/v1/sessions [] []
[2017-12-31 01:11:30] application.DEBUG: < 200 [] []
[2017-12-31 01:11:38] application.INFO: Matched route "{route}". {"route":"POST_api_v1_sessions","route_parameters":{"_controller":"sessions.controller:signIn","_route":"POST_api_v1_sessions"},"request_uri":"http://vestapp.000webhostapp.com/api/v1/sessions","method":"POST"} []
[2017-12-31 01:11:38] application.DEBUG: > POST /api/v1/sessions [] []
[2017-12-31 01:11:39] application.DEBUG: < 200 [] []
[2017-12-31 01:17:51] application.INFO: Matched route "{route}". {"route":"POST_api_v1_sessions","route_parameters":{"_controller":"sessions.controller:signIn","_route":"POST_api_v1_sessions"},"request_uri":"http://vestapp.000webhostapp.com/api/v1/sessions","method":"POST"} []
[2017-12-31 01:17:51] application.DEBUG: > POST /api/v1/sessions [] []
[2017-12-31 01:17:52] application.DEBUG: < 200 [] []
[2017-12-31 01:19:45] application.INFO: Matched route "{route}". {"route":"POST_api_v1_sessions","route_parameters":{"_controller":"sessions.controller:signIn","_route":"POST_api_v1_sessions"},"request_uri":"http://vestapp.000webhostapp.com/api/v1/sessions","method":"POST"} []
[2017-12-31 01:19:45] application.DEBUG: > POST /api/v1/sessions [] []
[2017-12-31 01:19:45] application.DEBUG: < 200 [] []
[2017-12-31 01:19:47] application.INFO: Matched route "{route}". {"route":"POST_api_v1_sessions","route_parameters":{"_controller":"sessions.controller:signIn","_route":"POST_api_v1_sessions"},"request_uri":"http://vestapp.000webhostapp.com/api/v1/sessions","method":"POST"} []
[2017-12-31 01:19:47] application.DEBUG: > POST /api/v1/sessions [] []
[2017-12-31 01:19:47] application.DEBUG: < 200 [] []
[2017-12-31 01:19:49] application.INFO: Matched route "{route}". {"route":"POST_api_v1_sessions","route_parameters":{"_controller":"sessions.controller:signIn","_route":"POST_api_v1_sessions"},"request_uri":"http://vestapp.000webhostapp.com/api/v1/sessions","method":"POST"} []
[2017-12-31 01:19:49] application.DEBUG: > POST /api/v1/sessions [] []
[2017-12-31 01:19:49] application.DEBUG: < 200 [] []
[2017-12-31 01:19:50] application.INFO: Matched route "{route}". {"route":"POST_api_v1_sessions","route_parameters":{"_controller":"sessions.controller:signIn","_route":"POST_api_v1_sessions"},"request_uri":"http://vestapp.000webhostapp.com/api/v1/sessions","method":"POST"} []
[2017-12-31 01:19:50] application.DEBUG: > POST /api/v1/sessions [] []
[2017-12-31 01:19:50] application.DEBUG: < 200 [] []
[2017-12-31 01:19:52] application.INFO: Matched route "{route}". {"route":"POST_api_v1_sessions","route_parameters":{"_controller":"sessions.controller:signIn","_route":"POST_api_v1_sessions"},"request_uri":"http://vestapp.000webhostapp.com/api/v1/sessions","method":"POST"} []
[2017-12-31 01:19:52] application.DEBUG: > POST /api/v1/sessions [] []
[2017-12-31 01:19:52] application.DEBUG: < 200 [] []
[2017-12-31 01:19:55] application.INFO: Matched route "{route}". {"route":"POST_api_v1_sessions","route_parameters":{"_controller":"sessions.controller:signIn","_route":"POST_api_v1_sessions"},"request_uri":"http://vestapp.000webhostapp.com/api/v1/sessions","method":"POST"} []
[2017-12-31 01:19:55] application.DEBUG: > POST /api/v1/sessions [] []
[2017-12-31 01:19:55] application.DEBUG: < 200 [] []
[2017-12-31 01:19:57] application.INFO: Matched route "{route}". {"route":"POST_api_v1_sessions","route_parameters":{"_controller":"sessions.controller:signIn","_route":"POST_api_v1_sessions"},"request_uri":"http://vestapp.000webhostapp.com/api/v1/sessions","method":"POST"} []
[2017-12-31 01:19:57] application.DEBUG: > POST /api/v1/sessions [] []
[2017-12-31 01:19:57] application.DEBUG: < 200 [] []
[2017-12-31 01:19:59] application.INFO: Matched route "{route}". {"route":"POST_api_v1_sessions","route_parameters":{"_controller":"sessions.controller:signIn","_route":"POST_api_v1_sessions"},"request_uri":"http://vestapp.000webhostapp.com/api/v1/sessions","method":"POST"} []
[2017-12-31 01:19:59] application.DEBUG: > POST /api/v1/sessions [] []
[2017-12-31 01:19:59] application.DEBUG: < 200 [] []
[2017-12-31 01:20:00] application.INFO: Matched route "{route}". {"route":"POST_api_v1_sessions","route_parameters":{"_controller":"sessions.controller:signIn","_route":"POST_api_v1_sessions"},"request_uri":"http://vestapp.000webhostapp.com/api/v1/sessions","method":"POST"} []
[2017-12-31 01:20:00] application.DEBUG: > POST /api/v1/sessions [] []
[2017-12-31 01:20:01] application.DEBUG: < 200 [] []
[2017-12-31 01:20:02] application.INFO: Matched route "{route}". {"route":"POST_api_v1_sessions","route_parameters":{"_controller":"sessions.controller:signIn","_route":"POST_api_v1_sessions"},"request_uri":"http://vestapp.000webhostapp.com/api/v1/sessions","method":"POST"} []
[2017-12-31 01:20:02] application.DEBUG: > POST /api/v1/sessions [] []
[2017-12-31 01:20:03] application.DEBUG: < 200 [] []
[2017-12-31 01:20:04] application.INFO: Matched route "{route}". {"route":"POST_api_v1_sessions","route_parameters":{"_controller":"sessions.controller:signIn","_route":"POST_api_v1_sessions"},"request_uri":"http://vestapp.000webhostapp.com/api/v1/sessions","method":"POST"} []
[2017-12-31 01:20:04] application.DEBUG: > POST /api/v1/sessions [] []
[2017-12-31 01:20:04] application.DEBUG: < 200 [] []
[2017-12-31 01:20:06] application.INFO: Matched route "{route}". {"route":"POST_api_v1_sessions","route_parameters":{"_controller":"sessions.controller:signIn","_route":"POST_api_v1_sessions"},"request_uri":"http://vestapp.000webhostapp.com/api/v1/sessions","method":"POST"} []
[2017-12-31 01:20:06] application.DEBUG: > POST /api/v1/sessions [] []
[2017-12-31 01:20:06] application.DEBUG: < 200 [] []
[2017-12-31 01:20:07] application.INFO: Matched route "{route}". {"route":"POST_api_v1_sessions","route_parameters":{"_controller":"sessions.controller:signIn","_route":"POST_api_v1_sessions"},"request_uri":"http://vestapp.000webhostapp.com/api/v1/sessions","method":"POST"} []
[2017-12-31 01:20:07] application.DEBUG: > POST /api/v1/sessions [] []
[2017-12-31 01:20:07] application.DEBUG: < 200 [] []
[2017-12-31 01:20:08] application.INFO: Matched route "{route}". {"route":"POST_api_v1_sessions","route_parameters":{"_controller":"sessions.controller:signIn","_route":"POST_api_v1_sessions"},"request_uri":"http://vestapp.000webhostapp.com/api/v1/sessions","method":"POST"} []
[2017-12-31 01:20:08] application.DEBUG: > POST /api/v1/sessions [] []
[2017-12-31 01:20:08] application.DEBUG: < 200 [] []
[2017-12-31 01:21:20] application.INFO: Matched route "{route}". {"route":"POST_api_v1_sessions","route_parameters":{"_controller":"sessions.controller:signIn","_route":"POST_api_v1_sessions"},"request_uri":"http://vestapp.000webhostapp.com/api/v1/sessions","method":"POST"} []
[2017-12-31 01:21:20] application.DEBUG: > POST /api/v1/sessions [] []
[2017-12-31 01:21:20] application.DEBUG: < 200 [] []
[2017-12-31 01:21:22] application.INFO: Matched route "{route}". {"route":"POST_api_v1_sessions","route_parameters":{"_controller":"sessions.controller:signIn","_route":"POST_api_v1_sessions"},"request_uri":"http://vestapp.000webhostapp.com/api/v1/sessions","method":"POST"} []
[2017-12-31 01:21:22] application.DEBUG: > POST /api/v1/sessions [] []
[2017-12-31 01:21:22] application.DEBUG: < 200 [] []
[2017-12-31 01:21:44] application.INFO: Matched route "{route}". {"route":"POST_api_v1_users","route_parameters":{"_controller":"users.controller:save","_route":"POST_api_v1_users"},"request_uri":"http://vestapp.000webhostapp.com/api/v1/users","method":"POST"} []
[2017-12-31 01:21:44] application.DEBUG: > POST /api/v1/users [] []
[2017-12-31 01:21:44] application.DEBUG: < 200 [] []
[2017-12-31 16:57:33] application.INFO: Matched route "{route}". {"route":"GET_api_v1_subjects","route_parameters":{"_controller":"subjects.controller:getAll","_route":"GET_api_v1_subjects"},"request_uri":"http://vestapp.000webhostapp.com/api/v1/subjects","method":"GET"} []
[2017-12-31 16:57:33] application.DEBUG: > GET /api/v1/subjects [] []
[2017-12-31 16:57:33] application.DEBUG: < 200 [] []
[2017-12-31 19:00:53] application.INFO: Matched route "{route}". {"route":"GET_api_v1_subjects","route_parameters":{"_controller":"subjects.controller:getAll","_route":"GET_api_v1_subjects"},"request_uri":"http://vestapp.000webhostapp.com/api/v1/subjects","method":"GET"} []
[2017-12-31 19:00:53] application.DEBUG: > GET /api/v1/subjects [] []
[2017-12-31 19:00:53] application.DEBUG: < 200 [] []
[2017-12-31 19:11:56] application.INFO: Matched route "{route}". {"route":"GET_api_v1_subjects","route_parameters":{"_controller":"subjects.controller:getAll","_route":"GET_api_v1_subjects"},"request_uri":"http://vestapp.000webhostapp.com/api/v1/subjects","method":"GET"} []
[2017-12-31 19:11:56] application.DEBUG: > GET /api/v1/subjects [] []
[2017-12-31 19:11:56] application.DEBUG: < 200 [] []
[2017-12-31 20:18:42] application.INFO: Matched route "{route}". {"route":"GET_api_v1_subjects","route_parameters":{"_controller":"subjects.controller:getAll","_route":"GET_api_v1_subjects"},"request_uri":"http://vestapp.000webhostapp.com/api/v1/subjects","method":"GET"} []
[2017-12-31 20:18:42] application.DEBUG: > GET /api/v1/subjects [] []
[2017-12-31 20:18:42] application.DEBUG: < 200 [] []
[2017-12-31 20:19:52] application.INFO: Matched route "{route}". {"route":"GET_api_v1_subjects","route_parameters":{"_controller":"subjects.controller:getAll","_route":"GET_api_v1_subjects"},"request_uri":"http://vestapp.000webhostapp.com/api/v1/subjects","method":"GET"} []
[2017-12-31 20:19:52] application.DEBUG: > GET /api/v1/subjects [] []
[2017-12-31 20:19:52] application.DEBUG: < 200 [] []
[2017-12-31 20:20:01] application.INFO: Matched route "{route}". {"route":"GET_api_v1_subjects","route_parameters":{"_controller":"subjects.controller:getAll","_route":"GET_api_v1_subjects"},"request_uri":"http://vestapp.000webhostapp.com/api/v1/subjects","method":"GET"} []
[2017-12-31 20:20:01] application.DEBUG: > GET /api/v1/subjects [] []
[2017-12-31 20:20:01] application.DEBUG: < 200 [] []
[2017-12-31 22:31:45] application.INFO: Matched route "{route}". {"route":"GET_api_v1_subjects","route_parameters":{"_controller":"subjects.controller:getAll","_route":"GET_api_v1_subjects"},"request_uri":"http://vestapp.000webhostapp.com/api/v1/subjects","method":"GET"} []
[2017-12-31 22:31:45] application.DEBUG: > GET /api/v1/subjects [] []
[2017-12-31 22:31:45] application.DEBUG: < 200 [] []
[2017-12-31 22:31:51] application.INFO: Matched route "{route}". {"route":"GET_api_v1_subjects","route_parameters":{"_controller":"subjects.controller:getAll","_route":"GET_api_v1_subjects"},"request_uri":"http://vestapp.000webhostapp.com/api/v1/subjects","method":"GET"} []
[2017-12-31 22:31:51] application.DEBUG: > GET /api/v1/subjects [] []
[2017-12-31 22:31:52] application.DEBUG: < 200 [] []
[2017-12-31 22:33:54] application.INFO: Matched route "{route}". {"route":"GET_api_v1_subjects","route_parameters":{"_controller":"subjects.controller:getAll","_route":"GET_api_v1_subjects"},"request_uri":"http://vestapp.000webhostapp.com/api/v1/subjects","method":"GET"} []
[2017-12-31 22:33:54] application.DEBUG: > GET /api/v1/subjects [] []
[2017-12-31 22:33:54] application.DEBUG: < 200 [] []
[2017-12-31 22:34:05] application.INFO: Matched route "{route}". {"route":"GET_api_v1_subjects","route_parameters":{"_controller":"subjects.controller:getAll","_route":"GET_api_v1_subjects"},"request_uri":"http://vestapp.000webhostapp.com/api/v1/subjects","method":"GET"} []
[2017-12-31 22:34:05] application.DEBUG: > GET /api/v1/subjects [] []
[2017-12-31 22:34:05] application.DEBUG: < 200 [] []
[2017-12-31 23:04:06] application.INFO: Matched route "{route}". {"route":"GET_api_v1_subjects","route_parameters":{"_controller":"subjects.controller:getAll","_route":"GET_api_v1_subjects"},"request_uri":"http://vestapp.000webhostapp.com/api/v1/subjects","method":"GET"} []
[2017-12-31 23:04:06] application.DEBUG: > GET /api/v1/subjects [] []
[2017-12-31 23:04:06] application.DEBUG: < 200 [] []
[2017-12-31 23:05:38] application.INFO: Matched route "{route}". {"route":"GET_api_v1_subjects","route_parameters":{"_controller":"subjects.controller:getAll","_route":"GET_api_v1_subjects"},"request_uri":"http://vestapp.000webhostapp.com/api/v1/subjects","method":"GET"} []
[2017-12-31 23:05:38] application.DEBUG: > GET /api/v1/subjects [] []
[2017-12-31 23:05:38] application.DEBUG: < 200 [] []
[2017-12-31 23:07:02] application.INFO: Matched route "{route}". {"route":"GET_api_v1_subjects","route_parameters":{"_controller":"subjects.controller:getAll","_route":"GET_api_v1_subjects"},"request_uri":"http://vestapp.000webhostapp.com/api/v1/subjects","method":"GET"} []
[2017-12-31 23:07:02] application.DEBUG: > GET /api/v1/subjects [] []
[2017-12-31 23:07:02] application.DEBUG: < 200 [] []
[2017-12-31 23:12:04] application.INFO: Matched route "{route}". {"route":"GET_api_v1_subjects","route_parameters":{"_controller":"subjects.controller:getAll","_route":"GET_api_v1_subjects"},"request_uri":"http://vestapp.000webhostapp.com/api/v1/subjects","method":"GET"} []
[2017-12-31 23:12:04] application.DEBUG: > GET /api/v1/subjects [] []
[2017-12-31 23:12:04] application.DEBUG: < 200 [] []
[2017-12-31 23:13:09] application.INFO: Matched route "{route}". {"route":"GET_api_v1_subjects","route_parameters":{"_controller":"subjects.controller:getAll","_route":"GET_api_v1_subjects"},"request_uri":"http://vestapp.000webhostapp.com/api/v1/subjects","method":"GET"} []
[2017-12-31 23:13:09] application.DEBUG: > GET /api/v1/subjects [] []
[2017-12-31 23:13:09] application.DEBUG: < 200 [] []
[2017-12-31 23:14:29] application.INFO: Matched route "{route}". {"route":"GET_api_v1_subjects","route_parameters":{"_controller":"subjects.controller:getAll","_route":"GET_api_v1_subjects"},"request_uri":"http://vestapp.000webhostapp.com/api/v1/subjects","method":"GET"} []
[2017-12-31 23:14:29] application.DEBUG: > GET /api/v1/subjects [] []
[2017-12-31 23:14:29] application.DEBUG: < 200 [] []
[2017-12-31 23:18:02] application.INFO: Matched route "{route}". {"route":"GET_api_v1_subjects","route_parameters":{"_controller":"subjects.controller:getAll","_route":"GET_api_v1_subjects"},"request_uri":"http://vestapp.000webhostapp.com/api/v1/subjects","method":"GET"} []
[2017-12-31 23:18:02] application.DEBUG: > GET /api/v1/subjects [] []
[2017-12-31 23:18:02] application.DEBUG: < 200 [] []
[2017-12-31 23:19:24] application.INFO: Matched route "{route}". {"route":"GET_api_v1_subjects","route_parameters":{"_controller":"subjects.controller:getAll","_route":"GET_api_v1_subjects"},"request_uri":"http://vestapp.000webhostapp.com/api/v1/subjects","method":"GET"} []
[2017-12-31 23:19:24] application.DEBUG: > GET /api/v1/subjects [] []
[2017-12-31 23:19:24] application.DEBUG: < 200 [] []
[2017-12-31 23:20:19] application.INFO: Matched route "{route}". {"route":"GET_api_v1_subjects","route_parameters":{"_controller":"subjects.controller:getAll","_route":"GET_api_v1_subjects"},"request_uri":"http://vestapp.000webhostapp.com/api/v1/subjects","method":"GET"} []
[2017-12-31 23:20:19] application.DEBUG: > GET /api/v1/subjects [] []
[2017-12-31 23:20:20] application.DEBUG: < 200 [] []
[2017-12-31 23:21:05] application.INFO: Matched route "{route}". {"route":"GET_api_v1_subjects","route_parameters":{"_controller":"subjects.controller:getAll","_route":"GET_api_v1_subjects"},"request_uri":"http://vestapp.000webhostapp.com/api/v1/subjects","method":"GET"} []
[2017-12-31 23:21:05] application.DEBUG: > GET /api/v1/subjects [] []
[2017-12-31 23:21:05] application.DEBUG: < 200 [] []
[2017-12-31 23:21:12] application.INFO: Matched route "{route}". {"route":"GET_api_v1_subjects","route_parameters":{"_controller":"subjects.controller:getAll","_route":"GET_api_v1_subjects"},"request_uri":"http://vestapp.000webhostapp.com/api/v1/subjects","method":"GET"} []
[2017-12-31 23:21:12] application.DEBUG: > GET /api/v1/subjects [] []
[2017-12-31 23:21:12] application.DEBUG: < 200 [] []
[2017-12-31 23:21:55] application.INFO: Matched route "{route}". {"route":"GET_api_v1_subjects","route_parameters":{"_controller":"subjects.controller:getAll","_route":"GET_api_v1_subjects"},"request_uri":"http://vestapp.000webhostapp.com/api/v1/subjects","method":"GET"} []
[2017-12-31 23:21:55] application.DEBUG: > GET /api/v1/subjects [] []
[2017-12-31 23:21:55] application.DEBUG: < 200 [] []
[2017-12-31 23:24:01] application.INFO: Matched route "{route}". {"route":"GET_api_v1_subjects","route_parameters":{"_controller":"subjects.controller:getAll","_route":"GET_api_v1_subjects"},"request_uri":"http://vestapp.000webhostapp.com/api/v1/subjects","method":"GET"} []
[2017-12-31 23:24:01] application.DEBUG: > GET /api/v1/subjects [] []
[2017-12-31 23:24:01] application.DEBUG: < 200 [] []
[2017-12-31 23:27:31] application.INFO: Matched route "{route}". {"route":"GET_api_v1_subjects","route_parameters":{"_controller":"subjects.controller:getAll","_route":"GET_api_v1_subjects"},"request_uri":"http://vestapp.000webhostapp.com/api/v1/subjects","method":"GET"} []
[2017-12-31 23:27:31] application.DEBUG: > GET /api/v1/subjects [] []
[2017-12-31 23:27:31] application.DEBUG: < 200 [] []
[2017-12-31 23:31:30] application.INFO: Matched route "{route}". {"route":"GET_api_v1_subjects","route_parameters":{"_controller":"subjects.controller:getAll","_route":"GET_api_v1_subjects"},"request_uri":"http://vestapp.000webhostapp.com/api/v1/subjects","method":"GET"} []
[2017-12-31 23:31:30] application.DEBUG: > GET /api/v1/subjects [] []
[2017-12-31 23:31:30] application.DEBUG: < 200 [] []
[2017-12-31 23:31:51] application.INFO: Matched route "{route}". {"route":"GET_api_v1_subjects","route_parameters":{"_controller":"subjects.controller:getAll","_route":"GET_api_v1_subjects"},"request_uri":"http://vestapp.000webhostapp.com/api/v1/subjects","method":"GET"} []
[2017-12-31 23:31:51] application.DEBUG: > GET /api/v1/subjects [] []
[2017-12-31 23:31:52] application.DEBUG: < 200 [] []
[2017-12-31 23:33:40] application.INFO: Matched route "{route}". {"route":"GET_api_v1_subjects","route_parameters":{"_controller":"subjects.controller:getAll","_route":"GET_api_v1_subjects"},"request_uri":"http://vestapp.000webhostapp.com/api/v1/subjects","method":"GET"} []
[2017-12-31 23:33:40] application.DEBUG: > GET /api/v1/subjects [] []
[2017-12-31 23:33:40] application.DEBUG: < 200 [] []
[2017-12-31 23:34:24] application.INFO: Matched route "{route}". {"route":"GET_api_v1_subjects","route_parameters":{"_controller":"subjects.controller:getAll","_route":"GET_api_v1_subjects"},"request_uri":"http://vestapp.000webhostapp.com/api/v1/subjects","method":"GET"} []
[2017-12-31 23:34:24] application.DEBUG: > GET /api/v1/subjects [] []
[2017-12-31 23:34:25] application.DEBUG: < 200 [] []
[2017-12-31 23:36:22] application.INFO: Matched route "{route}". {"route":"GET_api_v1_subjects","route_parameters":{"_controller":"subjects.controller:getAll","_route":"GET_api_v1_subjects"},"request_uri":"http://vestapp.000webhostapp.com/api/v1/subjects","method":"GET"} []
[2017-12-31 23:36:22] application.DEBUG: > GET /api/v1/subjects [] []
[2017-12-31 23:36:22] application.DEBUG: < 200 [] []
[2017-12-31 23:36:53] application.INFO: Matched route "{route}". {"route":"GET_api_v1_subjects","route_parameters":{"_controller":"subjects.controller:getAll","_route":"GET_api_v1_subjects"},"request_uri":"http://vestapp.000webhostapp.com/api/v1/subjects","method":"GET"} []
[2017-12-31 23:36:53] application.DEBUG: > GET /api/v1/subjects [] []
[2017-12-31 23:36:53] application.DEBUG: < 200 [] []
[2017-12-31 23:39:07] application.INFO: Matched route "{route}". {"route":"GET_api_v1_subjects","route_parameters":{"_controller":"subjects.controller:getAll","_route":"GET_api_v1_subjects"},"request_uri":"http://vestapp.000webhostapp.com/api/v1/subjects","method":"GET"} []
[2017-12-31 23:39:07] application.DEBUG: > GET /api/v1/subjects [] []
[2017-12-31 23:39:07] application.DEBUG: < 200 [] []
[2017-12-31 23:39:45] application.INFO: Matched route "{route}". {"route":"GET_api_v1_subjects","route_parameters":{"_controller":"subjects.controller:getAll","_route":"GET_api_v1_subjects"},"request_uri":"http://vestapp.000webhostapp.com/api/v1/subjects","method":"GET"} []
[2017-12-31 23:39:45] application.DEBUG: > GET /api/v1/subjects [] []
[2017-12-31 23:39:46] application.DEBUG: < 200 [] []
[2017-12-31 23:46:36] application.INFO: Matched route "{route}". {"route":"GET_api_v1_subjects","route_parameters":{"_controller":"subjects.controller:getAll","_route":"GET_api_v1_subjects"},"request_uri":"http://vestapp.000webhostapp.com/api/v1/subjects","method":"GET"} []
[2017-12-31 23:46:36] application.DEBUG: > GET /api/v1/subjects [] []
[2017-12-31 23:46:36] application.DEBUG: < 200 [] []
[2017-12-31 23:54:35] application.INFO: Matched route "{route}". {"route":"GET_api_v1_subjects","route_parameters":{"_controller":"subjects.controller:getAll","_route":"GET_api_v1_subjects"},"request_uri":"http://vestapp.000webhostapp.com/api/v1/subjects","method":"GET"} []
[2017-12-31 23:54:35] application.DEBUG: > GET /api/v1/subjects [] []
[2017-12-31 23:54:35] application.DEBUG: < 200 [] []
[2017-12-31 23:59:02] application.INFO: Matched route "{route}". {"route":"GET_api_v1_subjects","route_parameters":{"_controller":"subjects.controller:getAll","_route":"GET_api_v1_subjects"},"request_uri":"http://vestapp.000webhostapp.com/api/v1/subjects","method":"GET"} []
[2017-12-31 23:59:02] application.DEBUG: > GET /api/v1/subjects [] []
[2017-12-31 23:59:03] application.DEBUG: < 200 [] []
