[2018-01-04 20:13:55] application.INFO: Matched route "{route}". {"route":"GET_api_v1_subjects","route_parameters":{"_controller":"subjects.controller:getAll","_route":"GET_api_v1_subjects"},"request_uri":"http://vestapp.000webhostapp.com/api/v1/subjects","method":"GET"} []
[2018-01-04 20:13:55] application.DEBUG: > GET /api/v1/subjects [] []
[2018-01-04 20:13:55] application.DEBUG: < 200 [] []
[2018-01-04 20:13:57] application.INFO: Matched route "{route}". {"route":"GET_api_v1_topics","route_parameters":{"_controller":"topics.controller:getAll","_route":"GET_api_v1_topics"},"request_uri":"http://vestapp.000webhostapp.com/api/v1/topics","method":"GET"} []
[2018-01-04 20:13:57] application.DEBUG: > GET /api/v1/topics [] []
[2018-01-04 20:13:57] application.DEBUG: < 200 [] []
[2018-01-04 20:14:02] application.INFO: Matched route "{route}". {"route":"GET_api_v1_subjects","route_parameters":{"_controller":"subjects.controller:getAll","_route":"GET_api_v1_subjects"},"request_uri":"http://vestapp.000webhostapp.com/api/v1/subjects","method":"GET"} []
[2018-01-04 20:14:02] application.DEBUG: > GET /api/v1/subjects [] []
[2018-01-04 20:14:02] application.DEBUG: < 200 [] []
[2018-01-04 20:14:03] application.INFO: Matched route "{route}". {"route":"GET_api_v1_topics","route_parameters":{"_controller":"topics.controller:getAll","_route":"GET_api_v1_topics"},"request_uri":"http://vestapp.000webhostapp.com/api/v1/topics","method":"GET"} []
[2018-01-04 20:14:03] application.DEBUG: > GET /api/v1/topics [] []
[2018-01-04 20:14:03] application.DEBUG: < 200 [] []
[2018-01-04 20:23:30] application.INFO: Matched route "{route}". {"route":"GET_api_v1_subjects","route_parameters":{"_controller":"subjects.controller:getAll","_route":"GET_api_v1_subjects"},"request_uri":"http://vestapp.000webhostapp.com/api/v1/subjects","method":"GET"} []
[2018-01-04 20:23:30] application.DEBUG: > GET /api/v1/subjects [] []
[2018-01-04 20:23:30] application.DEBUG: < 200 [] []
[2018-01-04 20:23:31] application.INFO: Matched route "{route}". {"route":"GET_api_v1_topics","route_parameters":{"_controller":"topics.controller:getAll","_route":"GET_api_v1_topics"},"request_uri":"http://vestapp.000webhostapp.com/api/v1/topics","method":"GET"} []
[2018-01-04 20:23:31] application.DEBUG: > GET /api/v1/topics [] []
[2018-01-04 20:23:32] application.DEBUG: < 200 [] []
[2018-01-04 20:39:52] application.INFO: Matched route "{route}". {"route":"GET_api_v1_subjects","route_parameters":{"_controller":"subjects.controller:getAll","_route":"GET_api_v1_subjects"},"request_uri":"http://vestapp.000webhostapp.com/api/v1/subjects","method":"GET"} []
[2018-01-04 20:39:52] application.DEBUG: > GET /api/v1/subjects [] []
[2018-01-04 20:39:52] application.DEBUG: < 200 [] []
[2018-01-04 20:39:53] application.INFO: Matched route "{route}". {"route":"GET_api_v1_topics","route_parameters":{"_controller":"topics.controller:getAll","_route":"GET_api_v1_topics"},"request_uri":"http://vestapp.000webhostapp.com/api/v1/topics","method":"GET"} []
[2018-01-04 20:39:53] application.DEBUG: > GET /api/v1/topics [] []
[2018-01-04 20:39:53] application.DEBUG: < 200 [] []
[2018-01-04 20:41:32] application.INFO: Matched route "{route}". {"route":"GET_api_v1_subjects","route_parameters":{"_controller":"subjects.controller:getAll","_route":"GET_api_v1_subjects"},"request_uri":"http://vestapp.000webhostapp.com/api/v1/subjects","method":"GET"} []
[2018-01-04 20:41:32] application.DEBUG: > GET /api/v1/subjects [] []
[2018-01-04 20:41:32] application.DEBUG: < 200 [] []
[2018-01-04 20:41:33] application.INFO: Matched route "{route}". {"route":"GET_api_v1_topics","route_parameters":{"_controller":"topics.controller:getAll","_route":"GET_api_v1_topics"},"request_uri":"http://vestapp.000webhostapp.com/api/v1/topics","method":"GET"} []
[2018-01-04 20:41:33] application.DEBUG: > GET /api/v1/topics [] []
[2018-01-04 20:41:34] application.DEBUG: < 200 [] []
[2018-01-04 20:47:28] application.INFO: Matched route "{route}". {"route":"GET_api_v1_subjects","route_parameters":{"_controller":"subjects.controller:getAll","_route":"GET_api_v1_subjects"},"request_uri":"http://vestapp.000webhostapp.com/api/v1/subjects","method":"GET"} []
[2018-01-04 20:47:28] application.DEBUG: > GET /api/v1/subjects [] []
[2018-01-04 20:47:28] application.DEBUG: < 200 [] []
[2018-01-04 20:47:29] application.INFO: Matched route "{route}". {"route":"GET_api_v1_topics","route_parameters":{"_controller":"topics.controller:getAll","_route":"GET_api_v1_topics"},"request_uri":"http://vestapp.000webhostapp.com/api/v1/topics","method":"GET"} []
[2018-01-04 20:47:29] application.DEBUG: > GET /api/v1/topics [] []
[2018-01-04 20:47:29] application.DEBUG: < 200 [] []
[2018-01-04 21:08:29] application.INFO: Matched route "{route}". {"route":"GET_api_v1_subjects","route_parameters":{"_controller":"subjects.controller:getAll","_route":"GET_api_v1_subjects"},"request_uri":"http://vestapp.000webhostapp.com/api/v1/subjects","method":"GET"} []
[2018-01-04 21:08:29] application.DEBUG: > GET /api/v1/subjects [] []
[2018-01-04 21:08:30] application.DEBUG: < 200 [] []
[2018-01-04 21:08:31] application.INFO: Matched route "{route}". {"route":"GET_api_v1_topics","route_parameters":{"_controller":"topics.controller:getAll","_route":"GET_api_v1_topics"},"request_uri":"http://vestapp.000webhostapp.com/api/v1/topics","method":"GET"} []
[2018-01-04 21:08:31] application.DEBUG: > GET /api/v1/topics [] []
[2018-01-04 21:08:31] application.DEBUG: < 200 [] []
[2018-01-04 21:10:10] application.INFO: Matched route "{route}". {"route":"GET_api_v1_subjects","route_parameters":{"_controller":"subjects.controller:getAll","_route":"GET_api_v1_subjects"},"request_uri":"http://vestapp.000webhostapp.com/api/v1/subjects","method":"GET"} []
[2018-01-04 21:10:10] application.DEBUG: > GET /api/v1/subjects [] []
[2018-01-04 21:10:10] application.DEBUG: < 200 [] []
[2018-01-04 21:10:11] application.INFO: Matched route "{route}". {"route":"GET_api_v1_topics","route_parameters":{"_controller":"topics.controller:getAll","_route":"GET_api_v1_topics"},"request_uri":"http://vestapp.000webhostapp.com/api/v1/topics","method":"GET"} []
[2018-01-04 21:10:11] application.DEBUG: > GET /api/v1/topics [] []
[2018-01-04 21:10:12] application.DEBUG: < 200 [] []
[2018-01-04 21:11:06] application.INFO: Matched route "{route}". {"route":"GET_api_v1_subjects","route_parameters":{"_controller":"subjects.controller:getAll","_route":"GET_api_v1_subjects"},"request_uri":"http://vestapp.000webhostapp.com/api/v1/subjects","method":"GET"} []
[2018-01-04 21:11:06] application.DEBUG: > GET /api/v1/subjects [] []
[2018-01-04 21:11:06] application.DEBUG: < 200 [] []
[2018-01-04 21:11:08] application.INFO: Matched route "{route}". {"route":"GET_api_v1_topics","route_parameters":{"_controller":"topics.controller:getAll","_route":"GET_api_v1_topics"},"request_uri":"http://vestapp.000webhostapp.com/api/v1/topics","method":"GET"} []
[2018-01-04 21:11:08] application.DEBUG: > GET /api/v1/topics [] []
[2018-01-04 21:11:08] application.DEBUG: < 200 [] []
[2018-01-04 22:02:48] application.INFO: Matched route "{route}". {"route":"GET_api_v1_subjects","route_parameters":{"_controller":"subjects.controller:getAll","_route":"GET_api_v1_subjects"},"request_uri":"http://vestapp.000webhostapp.com/api/v1/subjects","method":"GET"} []
[2018-01-04 22:02:48] application.DEBUG: > GET /api/v1/subjects [] []
[2018-01-04 22:02:48] application.DEBUG: < 200 [] []
[2018-01-04 22:02:50] application.INFO: Matched route "{route}". {"route":"GET_api_v1_topics","route_parameters":{"_controller":"topics.controller:getAll","_route":"GET_api_v1_topics"},"request_uri":"http://vestapp.000webhostapp.com/api/v1/topics","method":"GET"} []
[2018-01-04 22:02:50] application.DEBUG: > GET /api/v1/topics [] []
[2018-01-04 22:02:50] application.DEBUG: < 200 [] []
[2018-01-04 22:14:46] application.INFO: Matched route "{route}". {"route":"GET_api_v1_subjects","route_parameters":{"_controller":"subjects.controller:getAll","_route":"GET_api_v1_subjects"},"request_uri":"http://vestapp.000webhostapp.com/api/v1/subjects","method":"GET"} []
[2018-01-04 22:14:46] application.DEBUG: > GET /api/v1/subjects [] []
[2018-01-04 22:14:46] application.DEBUG: < 200 [] []
[2018-01-04 22:14:48] application.INFO: Matched route "{route}". {"route":"GET_api_v1_topics","route_parameters":{"_controller":"topics.controller:getAll","_route":"GET_api_v1_topics"},"request_uri":"http://vestapp.000webhostapp.com/api/v1/topics","method":"GET"} []
[2018-01-04 22:14:48] application.DEBUG: > GET /api/v1/topics [] []
[2018-01-04 22:14:48] application.DEBUG: < 200 [] []
[2018-01-04 22:18:49] application.INFO: Matched route "{route}". {"route":"GET_api_v1_subjects","route_parameters":{"_controller":"subjects.controller:getAll","_route":"GET_api_v1_subjects"},"request_uri":"http://vestapp.000webhostapp.com/api/v1/subjects","method":"GET"} []
[2018-01-04 22:18:49] application.DEBUG: > GET /api/v1/subjects [] []
[2018-01-04 22:18:50] application.DEBUG: < 200 [] []
[2018-01-04 22:18:51] application.INFO: Matched route "{route}". {"route":"GET_api_v1_topics","route_parameters":{"_controller":"topics.controller:getAll","_route":"GET_api_v1_topics"},"request_uri":"http://vestapp.000webhostapp.com/api/v1/topics","method":"GET"} []
[2018-01-04 22:18:51] application.DEBUG: > GET /api/v1/topics [] []
[2018-01-04 22:18:51] application.DEBUG: < 200 [] []
[2018-01-04 22:22:10] application.INFO: Matched route "{route}". {"route":"GET_api_v1_subjects","route_parameters":{"_controller":"subjects.controller:getAll","_route":"GET_api_v1_subjects"},"request_uri":"http://vestapp.000webhostapp.com/api/v1/subjects","method":"GET"} []
[2018-01-04 22:22:10] application.DEBUG: > GET /api/v1/subjects [] []
[2018-01-04 22:22:10] application.DEBUG: < 200 [] []
[2018-01-04 22:22:12] application.INFO: Matched route "{route}". {"route":"GET_api_v1_topics","route_parameters":{"_controller":"topics.controller:getAll","_route":"GET_api_v1_topics"},"request_uri":"http://vestapp.000webhostapp.com/api/v1/topics","method":"GET"} []
[2018-01-04 22:22:12] application.DEBUG: > GET /api/v1/topics [] []
[2018-01-04 22:22:13] application.DEBUG: < 200 [] []
[2018-01-04 22:25:12] application.INFO: Matched route "{route}". {"route":"GET_api_v1_subjects","route_parameters":{"_controller":"subjects.controller:getAll","_route":"GET_api_v1_subjects"},"request_uri":"http://vestapp.000webhostapp.com/api/v1/subjects","method":"GET"} []
[2018-01-04 22:25:12] application.DEBUG: > GET /api/v1/subjects [] []
[2018-01-04 22:25:13] application.DEBUG: < 200 [] []
[2018-01-04 22:25:15] application.INFO: Matched route "{route}". {"route":"GET_api_v1_topics","route_parameters":{"_controller":"topics.controller:getAll","_route":"GET_api_v1_topics"},"request_uri":"http://vestapp.000webhostapp.com/api/v1/topics","method":"GET"} []
[2018-01-04 22:25:15] application.DEBUG: > GET /api/v1/topics [] []
[2018-01-04 22:25:15] application.DEBUG: < 200 [] []
[2018-01-04 22:26:58] application.INFO: Matched route "{route}". {"route":"GET_api_v1_subjects","route_parameters":{"_controller":"subjects.controller:getAll","_route":"GET_api_v1_subjects"},"request_uri":"http://vestapp.000webhostapp.com/api/v1/subjects","method":"GET"} []
[2018-01-04 22:26:58] application.DEBUG: > GET /api/v1/subjects [] []
[2018-01-04 22:26:58] application.DEBUG: < 200 [] []
[2018-01-04 22:26:59] application.INFO: Matched route "{route}". {"route":"GET_api_v1_topics","route_parameters":{"_controller":"topics.controller:getAll","_route":"GET_api_v1_topics"},"request_uri":"http://vestapp.000webhostapp.com/api/v1/topics","method":"GET"} []
[2018-01-04 22:26:59] application.DEBUG: > GET /api/v1/topics [] []
[2018-01-04 22:27:00] application.DEBUG: < 200 [] []
[2018-01-04 23:23:17] application.INFO: Matched route "{route}". {"route":"GET_api_v1_subjects","route_parameters":{"_controller":"subjects.controller:getAll","_route":"GET_api_v1_subjects"},"request_uri":"http://vestapp.000webhostapp.com/api/v1/subjects","method":"GET"} []
[2018-01-04 23:23:17] application.DEBUG: > GET /api/v1/subjects [] []
[2018-01-04 23:23:17] application.DEBUG: < 200 [] []
[2018-01-04 23:23:20] application.INFO: Matched route "{route}". {"route":"GET_api_v1_topics","route_parameters":{"_controller":"topics.controller:getAll","_route":"GET_api_v1_topics"},"request_uri":"http://vestapp.000webhostapp.com/api/v1/topics","method":"GET"} []
[2018-01-04 23:23:20] application.DEBUG: > GET /api/v1/topics [] []
[2018-01-04 23:23:20] application.DEBUG: < 200 [] []
[2018-01-04 23:34:58] application.INFO: Matched route "{route}". {"route":"GET_api_v1_subjects","route_parameters":{"_controller":"subjects.controller:getAll","_route":"GET_api_v1_subjects"},"request_uri":"http://vestapp.000webhostapp.com/api/v1/subjects","method":"GET"} []
[2018-01-04 23:34:58] application.DEBUG: > GET /api/v1/subjects [] []
[2018-01-04 23:34:58] application.DEBUG: < 200 [] []
[2018-01-04 23:35:00] application.INFO: Matched route "{route}". {"route":"GET_api_v1_topics","route_parameters":{"_controller":"topics.controller:getAll","_route":"GET_api_v1_topics"},"request_uri":"http://vestapp.000webhostapp.com/api/v1/topics","method":"GET"} []
[2018-01-04 23:35:00] application.DEBUG: > GET /api/v1/topics [] []
[2018-01-04 23:35:00] application.DEBUG: < 200 [] []
