[2018-01-03 00:40:07] application.INFO: Matched route "{route}". {"route":"GET_api_v1_subjects","route_parameters":{"_controller":"subjects.controller:getAll","_route":"GET_api_v1_subjects"},"request_uri":"http://vestapp.000webhostapp.com/api/v1/subjects","method":"GET"} []
[2018-01-03 00:40:07] application.DEBUG: > GET /api/v1/subjects [] []
[2018-01-03 00:40:07] application.DEBUG: < 200 [] []
[2018-01-03 00:49:13] application.INFO: Matched route "{route}". {"route":"GET_api_v1_topics","route_parameters":{"_controller":"topics.controller:getAll","_route":"GET_api_v1_topics"},"request_uri":"http://vestapp.000webhostapp.com/api/v1/topics","method":"GET"} []
[2018-01-03 00:49:13] application.DEBUG: > GET /api/v1/topics [] []
[2018-01-03 00:49:14] application.DEBUG: < 200 [] []
[2018-01-03 00:49:18] application.INFO: Matched route "{route}". {"route":"GET_api_v1_subjects","route_parameters":{"_controller":"subjects.controller:getAll","_route":"GET_api_v1_subjects"},"request_uri":"http://vestapp.000webhostapp.com/api/v1/subjects","method":"GET"} []
[2018-01-03 00:49:18] application.DEBUG: > GET /api/v1/subjects [] []
[2018-01-03 00:49:18] application.DEBUG: < 200 [] []
[2018-01-03 00:51:04] application.INFO: Matched route "{route}". {"route":"GET_api_v1_subjects","route_parameters":{"_controller":"subjects.controller:getAll","_route":"GET_api_v1_subjects"},"request_uri":"http://vestapp.000webhostapp.com/api/v1/subjects","method":"GET"} []
[2018-01-03 00:51:04] application.DEBUG: > GET /api/v1/subjects [] []
[2018-01-03 00:51:04] application.DEBUG: < 200 [] []
[2018-01-03 00:51:06] application.INFO: Matched route "{route}". {"route":"GET_api_v1_topics","route_parameters":{"_controller":"topics.controller:getAll","_route":"GET_api_v1_topics"},"request_uri":"http://vestapp.000webhostapp.com/api/v1/topics","method":"GET"} []
[2018-01-03 00:51:06] application.DEBUG: > GET /api/v1/topics [] []
[2018-01-03 00:51:06] application.DEBUG: < 200 [] []
[2018-01-03 00:51:10] application.INFO: Matched route "{route}". {"route":"GET_api_v1_subjects","route_parameters":{"_controller":"subjects.controller:getAll","_route":"GET_api_v1_subjects"},"request_uri":"http://vestapp.000webhostapp.com/api/v1/subjects","method":"GET"} []
[2018-01-03 00:51:10] application.DEBUG: > GET /api/v1/subjects [] []
[2018-01-03 00:51:11] application.DEBUG: < 200 [] []
[2018-01-03 00:51:12] application.INFO: Matched route "{route}". {"route":"GET_api_v1_topics","route_parameters":{"_controller":"topics.controller:getAll","_route":"GET_api_v1_topics"},"request_uri":"http://vestapp.000webhostapp.com/api/v1/topics","method":"GET"} []
[2018-01-03 00:51:12] application.DEBUG: > GET /api/v1/topics [] []
[2018-01-03 00:51:13] application.DEBUG: < 200 [] []
[2018-01-03 00:51:29] application.INFO: Matched route "{route}". {"route":"GET_api_v1_subjects","route_parameters":{"_controller":"subjects.controller:getAll","_route":"GET_api_v1_subjects"},"request_uri":"http://vestapp.000webhostapp.com/api/v1/subjects","method":"GET"} []
[2018-01-03 00:51:29] application.DEBUG: > GET /api/v1/subjects [] []
[2018-01-03 00:51:29] application.DEBUG: < 200 [] []
[2018-01-03 00:51:30] application.INFO: Matched route "{route}". {"route":"GET_api_v1_topics","route_parameters":{"_controller":"topics.controller:getAll","_route":"GET_api_v1_topics"},"request_uri":"http://vestapp.000webhostapp.com/api/v1/topics","method":"GET"} []
[2018-01-03 00:51:30] application.DEBUG: > GET /api/v1/topics [] []
[2018-01-03 00:51:30] application.DEBUG: < 200 [] []
[2018-01-03 00:52:54] application.INFO: Matched route "{route}". {"route":"GET_api_v1_subjects","route_parameters":{"_controller":"subjects.controller:getAll","_route":"GET_api_v1_subjects"},"request_uri":"http://vestapp.000webhostapp.com/api/v1/subjects","method":"GET"} []
[2018-01-03 00:52:54] application.DEBUG: > GET /api/v1/subjects [] []
[2018-01-03 00:52:54] application.DEBUG: < 200 [] []
[2018-01-03 00:52:56] application.INFO: Matched route "{route}". {"route":"GET_api_v1_topics","route_parameters":{"_controller":"topics.controller:getAll","_route":"GET_api_v1_topics"},"request_uri":"http://vestapp.000webhostapp.com/api/v1/topics","method":"GET"} []
[2018-01-03 00:52:56] application.DEBUG: > GET /api/v1/topics [] []
[2018-01-03 00:52:56] application.DEBUG: < 200 [] []
[2018-01-03 01:00:44] application.INFO: Matched route "{route}". {"route":"GET_api_v1_subjects","route_parameters":{"_controller":"subjects.controller:getAll","_route":"GET_api_v1_subjects"},"request_uri":"http://vestapp.000webhostapp.com/api/v1/subjects","method":"GET"} []
[2018-01-03 01:00:44] application.DEBUG: > GET /api/v1/subjects [] []
[2018-01-03 01:00:44] application.DEBUG: < 200 [] []
[2018-01-03 01:00:45] application.INFO: Matched route "{route}". {"route":"GET_api_v1_topics","route_parameters":{"_controller":"topics.controller:getAll","_route":"GET_api_v1_topics"},"request_uri":"http://vestapp.000webhostapp.com/api/v1/topics","method":"GET"} []
[2018-01-03 01:00:45] application.DEBUG: > GET /api/v1/topics [] []
[2018-01-03 01:00:45] application.DEBUG: < 200 [] []
[2018-01-03 02:18:40] application.INFO: Matched route "{route}". {"route":"GET_api_v1_subjects","route_parameters":{"_controller":"subjects.controller:getAll","_route":"GET_api_v1_subjects"},"request_uri":"http://vestapp.000webhostapp.com/api/v1/subjects","method":"GET"} []
[2018-01-03 02:18:40] application.DEBUG: > GET /api/v1/subjects [] []
[2018-01-03 02:18:40] application.DEBUG: < 200 [] []
[2018-01-03 02:18:54] application.INFO: Matched route "{route}". {"route":"GET_api_v1_subjects","route_parameters":{"_controller":"subjects.controller:getAll","_route":"GET_api_v1_subjects"},"request_uri":"http://vestapp.000webhostapp.com/api/v1/subjects","method":"GET"} []
[2018-01-03 02:18:54] application.DEBUG: > GET /api/v1/subjects [] []
[2018-01-03 02:18:54] application.DEBUG: < 200 [] []
[2018-01-03 02:19:00] application.INFO: Matched route "{route}". {"route":"GET_api_v1_topics","route_parameters":{"_controller":"topics.controller:getAll","_route":"GET_api_v1_topics"},"request_uri":"http://vestapp.000webhostapp.com/api/v1/topics","method":"GET"} []
[2018-01-03 02:19:00] application.DEBUG: > GET /api/v1/topics [] []
[2018-01-03 02:19:00] application.DEBUG: < 200 [] []
[2018-01-03 02:27:53] application.INFO: Matched route "{route}". {"route":"GET_api_v1_subjects","route_parameters":{"_controller":"subjects.controller:getAll","_route":"GET_api_v1_subjects"},"request_uri":"http://vestapp.000webhostapp.com/api/v1/subjects","method":"GET"} []
[2018-01-03 02:27:53] application.DEBUG: > GET /api/v1/subjects [] []
[2018-01-03 02:27:53] application.DEBUG: < 200 [] []
[2018-01-03 02:27:55] application.INFO: Matched route "{route}". {"route":"GET_api_v1_topics","route_parameters":{"_controller":"topics.controller:getAll","_route":"GET_api_v1_topics"},"request_uri":"http://vestapp.000webhostapp.com/api/v1/topics","method":"GET"} []
[2018-01-03 02:27:55] application.DEBUG: > GET /api/v1/topics [] []
[2018-01-03 02:27:55] application.DEBUG: < 200 [] []
[2018-01-03 02:36:00] application.INFO: Matched route "{route}". {"route":"GET_api_v1_subjects","route_parameters":{"_controller":"subjects.controller:getAll","_route":"GET_api_v1_subjects"},"request_uri":"http://vestapp.000webhostapp.com/api/v1/subjects","method":"GET"} []
[2018-01-03 02:36:00] application.DEBUG: > GET /api/v1/subjects [] []
[2018-01-03 02:36:00] application.DEBUG: < 200 [] []
[2018-01-03 02:36:02] application.INFO: Matched route "{route}". {"route":"GET_api_v1_topics","route_parameters":{"_controller":"topics.controller:getAll","_route":"GET_api_v1_topics"},"request_uri":"http://vestapp.000webhostapp.com/api/v1/topics","method":"GET"} []
[2018-01-03 02:36:02] application.DEBUG: > GET /api/v1/topics [] []
[2018-01-03 02:36:02] application.DEBUG: < 200 [] []
[2018-01-03 02:41:56] application.INFO: Matched route "{route}". {"route":"GET_api_v1_subjects","route_parameters":{"_controller":"subjects.controller:getAll","_route":"GET_api_v1_subjects"},"request_uri":"http://vestapp.000webhostapp.com/api/v1/subjects","method":"GET"} []
[2018-01-03 02:41:56] application.DEBUG: > GET /api/v1/subjects [] []
[2018-01-03 02:41:56] application.DEBUG: < 200 [] []
[2018-01-03 02:41:58] application.INFO: Matched route "{route}". {"route":"GET_api_v1_topics","route_parameters":{"_controller":"topics.controller:getAll","_route":"GET_api_v1_topics"},"request_uri":"http://vestapp.000webhostapp.com/api/v1/topics","method":"GET"} []
[2018-01-03 02:41:58] application.DEBUG: > GET /api/v1/topics [] []
[2018-01-03 02:41:58] application.DEBUG: < 200 [] []
[2018-01-03 02:42:33] application.INFO: Matched route "{route}". {"route":"GET_api_v1_subjects","route_parameters":{"_controller":"subjects.controller:getAll","_route":"GET_api_v1_subjects"},"request_uri":"http://vestapp.000webhostapp.com/api/v1/subjects","method":"GET"} []
[2018-01-03 02:42:33] application.DEBUG: > GET /api/v1/subjects [] []
[2018-01-03 02:42:33] application.DEBUG: < 200 [] []
[2018-01-03 02:42:34] application.INFO: Matched route "{route}". {"route":"GET_api_v1_topics","route_parameters":{"_controller":"topics.controller:getAll","_route":"GET_api_v1_topics"},"request_uri":"http://vestapp.000webhostapp.com/api/v1/topics","method":"GET"} []
[2018-01-03 02:42:34] application.DEBUG: > GET /api/v1/topics [] []
[2018-01-03 02:42:34] application.DEBUG: < 200 [] []
[2018-01-03 02:43:09] application.INFO: Matched route "{route}". {"route":"GET_api_v1_subjects","route_parameters":{"_controller":"subjects.controller:getAll","_route":"GET_api_v1_subjects"},"request_uri":"http://vestapp.000webhostapp.com/api/v1/subjects","method":"GET"} []
[2018-01-03 02:43:09] application.DEBUG: > GET /api/v1/subjects [] []
[2018-01-03 02:43:09] application.DEBUG: < 200 [] []
[2018-01-03 02:43:10] application.INFO: Matched route "{route}". {"route":"GET_api_v1_topics","route_parameters":{"_controller":"topics.controller:getAll","_route":"GET_api_v1_topics"},"request_uri":"http://vestapp.000webhostapp.com/api/v1/topics","method":"GET"} []
[2018-01-03 02:43:10] application.DEBUG: > GET /api/v1/topics [] []
[2018-01-03 02:43:10] application.DEBUG: < 200 [] []
[2018-01-03 02:43:48] application.INFO: Matched route "{route}". {"route":"GET_api_v1_subjects","route_parameters":{"_controller":"subjects.controller:getAll","_route":"GET_api_v1_subjects"},"request_uri":"http://vestapp.000webhostapp.com/api/v1/subjects","method":"GET"} []
[2018-01-03 02:43:48] application.DEBUG: > GET /api/v1/subjects [] []
[2018-01-03 02:43:48] application.DEBUG: < 200 [] []
[2018-01-03 02:43:49] application.INFO: Matched route "{route}". {"route":"GET_api_v1_topics","route_parameters":{"_controller":"topics.controller:getAll","_route":"GET_api_v1_topics"},"request_uri":"http://vestapp.000webhostapp.com/api/v1/topics","method":"GET"} []
[2018-01-03 02:43:49] application.DEBUG: > GET /api/v1/topics [] []
[2018-01-03 02:43:50] application.DEBUG: < 200 [] []
[2018-01-03 02:51:39] application.INFO: Matched route "{route}". {"route":"GET_api_v1_subjects","route_parameters":{"_controller":"subjects.controller:getAll","_route":"GET_api_v1_subjects"},"request_uri":"http://vestapp.000webhostapp.com/api/v1/subjects","method":"GET"} []
[2018-01-03 02:51:39] application.DEBUG: > GET /api/v1/subjects [] []
[2018-01-03 02:51:39] application.DEBUG: < 200 [] []
[2018-01-03 02:51:40] application.INFO: Matched route "{route}". {"route":"GET_api_v1_topics","route_parameters":{"_controller":"topics.controller:getAll","_route":"GET_api_v1_topics"},"request_uri":"http://vestapp.000webhostapp.com/api/v1/topics","method":"GET"} []
[2018-01-03 02:51:40] application.DEBUG: > GET /api/v1/topics [] []
[2018-01-03 02:51:40] application.DEBUG: < 200 [] []
[2018-01-03 02:52:03] application.INFO: Matched route "{route}". {"route":"GET_api_v1_subjects","route_parameters":{"_controller":"subjects.controller:getAll","_route":"GET_api_v1_subjects"},"request_uri":"http://vestapp.000webhostapp.com/api/v1/subjects","method":"GET"} []
[2018-01-03 02:52:03] application.DEBUG: > GET /api/v1/subjects [] []
[2018-01-03 02:52:03] application.DEBUG: < 200 [] []
[2018-01-03 02:52:04] application.INFO: Matched route "{route}". {"route":"GET_api_v1_topics","route_parameters":{"_controller":"topics.controller:getAll","_route":"GET_api_v1_topics"},"request_uri":"http://vestapp.000webhostapp.com/api/v1/topics","method":"GET"} []
[2018-01-03 02:52:04] application.DEBUG: > GET /api/v1/topics [] []
[2018-01-03 02:52:05] application.DEBUG: < 200 [] []
[2018-01-03 02:54:23] application.INFO: Matched route "{route}". {"route":"GET_api_v1_subjects","route_parameters":{"_controller":"subjects.controller:getAll","_route":"GET_api_v1_subjects"},"request_uri":"http://vestapp.000webhostapp.com/api/v1/subjects","method":"GET"} []
[2018-01-03 02:54:23] application.DEBUG: > GET /api/v1/subjects [] []
[2018-01-03 02:54:23] application.DEBUG: < 200 [] []
[2018-01-03 02:54:25] application.INFO: Matched route "{route}". {"route":"GET_api_v1_topics","route_parameters":{"_controller":"topics.controller:getAll","_route":"GET_api_v1_topics"},"request_uri":"http://vestapp.000webhostapp.com/api/v1/topics","method":"GET"} []
[2018-01-03 02:54:25] application.DEBUG: > GET /api/v1/topics [] []
[2018-01-03 02:54:25] application.DEBUG: < 200 [] []
