[2018-01-05 00:05:11] application.INFO: Matched route "{route}". {"route":"GET_api_v1_subjects","route_parameters":{"_controller":"subjects.controller:getAll","_route":"GET_api_v1_subjects"},"request_uri":"http://vestapp.000webhostapp.com/api/v1/subjects","method":"GET"} []
[2018-01-05 00:05:11] application.DEBUG: > GET /api/v1/subjects [] []
[2018-01-05 00:05:11] application.DEBUG: < 200 [] []
[2018-01-05 00:05:13] application.INFO: Matched route "{route}". {"route":"GET_api_v1_topics","route_parameters":{"_controller":"topics.controller:getAll","_route":"GET_api_v1_topics"},"request_uri":"http://vestapp.000webhostapp.com/api/v1/topics","method":"GET"} []
[2018-01-05 00:05:13] application.DEBUG: > GET /api/v1/topics [] []
[2018-01-05 00:05:13] application.DEBUG: < 200 [] []
[2018-01-05 00:11:41] application.INFO: Matched route "{route}". {"route":"GET_api_v1_subjects","route_parameters":{"_controller":"subjects.controller:getAll","_route":"GET_api_v1_subjects"},"request_uri":"http://vestapp.000webhostapp.com/api/v1/subjects","method":"GET"} []
[2018-01-05 00:11:41] application.DEBUG: > GET /api/v1/subjects [] []
[2018-01-05 00:11:41] application.DEBUG: < 200 [] []
[2018-01-05 00:11:45] application.INFO: Matched route "{route}". {"route":"GET_api_v1_topics","route_parameters":{"_controller":"topics.controller:getAll","_route":"GET_api_v1_topics"},"request_uri":"http://vestapp.000webhostapp.com/api/v1/topics","method":"GET"} []
[2018-01-05 00:11:45] application.DEBUG: > GET /api/v1/topics [] []
[2018-01-05 00:11:45] application.DEBUG: < 200 [] []
[2018-01-05 00:13:26] application.INFO: Matched route "{route}". {"route":"GET_api_v1_subjects","route_parameters":{"_controller":"subjects.controller:getAll","_route":"GET_api_v1_subjects"},"request_uri":"http://vestapp.000webhostapp.com/api/v1/subjects","method":"GET"} []
[2018-01-05 00:13:26] application.DEBUG: > GET /api/v1/subjects [] []
[2018-01-05 00:13:26] application.DEBUG: < 200 [] []
[2018-01-05 00:13:29] application.INFO: Matched route "{route}". {"route":"GET_api_v1_topics","route_parameters":{"_controller":"topics.controller:getAll","_route":"GET_api_v1_topics"},"request_uri":"http://vestapp.000webhostapp.com/api/v1/topics","method":"GET"} []
[2018-01-05 00:13:29] application.DEBUG: > GET /api/v1/topics [] []
[2018-01-05 00:13:29] application.DEBUG: < 200 [] []
[2018-01-05 00:13:42] application.INFO: Matched route "{route}". {"route":"GET_api_v1_subjects","route_parameters":{"_controller":"subjects.controller:getAll","_route":"GET_api_v1_subjects"},"request_uri":"http://vestapp.000webhostapp.com/api/v1/subjects","method":"GET"} []
[2018-01-05 00:13:42] application.DEBUG: > GET /api/v1/subjects [] []
[2018-01-05 00:13:42] application.DEBUG: < 200 [] []
[2018-01-05 00:14:09] application.INFO: Matched route "{route}". {"route":"GET_api_v1_subjects","route_parameters":{"_controller":"subjects.controller:getAll","_route":"GET_api_v1_subjects"},"request_uri":"http://vestapp.000webhostapp.com/api/v1/subjects","method":"GET"} []
[2018-01-05 00:14:09] application.DEBUG: > GET /api/v1/subjects [] []
[2018-01-05 00:14:09] application.DEBUG: < 200 [] []
[2018-01-05 00:14:17] application.INFO: Matched route "{route}". {"route":"GET_api_v1_topics","route_parameters":{"_controller":"topics.controller:getAll","_route":"GET_api_v1_topics"},"request_uri":"http://vestapp.000webhostapp.com/api/v1/topics","method":"GET"} []
[2018-01-05 00:14:17] application.DEBUG: > GET /api/v1/topics [] []
[2018-01-05 00:14:18] application.DEBUG: < 200 [] []
[2018-01-05 00:17:50] application.INFO: Matched route "{route}". {"route":"GET_api_v1_subjects","route_parameters":{"_controller":"subjects.controller:getAll","_route":"GET_api_v1_subjects"},"request_uri":"http://vestapp.000webhostapp.com/api/v1/subjects","method":"GET"} []
[2018-01-05 00:17:50] application.DEBUG: > GET /api/v1/subjects [] []
[2018-01-05 00:17:50] application.DEBUG: < 200 [] []
[2018-01-05 00:17:54] application.INFO: Matched route "{route}". {"route":"GET_api_v1_topics","route_parameters":{"_controller":"topics.controller:getAll","_route":"GET_api_v1_topics"},"request_uri":"http://vestapp.000webhostapp.com/api/v1/topics","method":"GET"} []
[2018-01-05 00:17:54] application.DEBUG: > GET /api/v1/topics [] []
[2018-01-05 00:17:54] application.DEBUG: < 200 [] []
[2018-01-05 00:19:54] application.INFO: Matched route "{route}". {"route":"GET_api_v1_subjects","route_parameters":{"_controller":"subjects.controller:getAll","_route":"GET_api_v1_subjects"},"request_uri":"http://vestapp.000webhostapp.com/api/v1/subjects","method":"GET"} []
[2018-01-05 00:19:54] application.DEBUG: > GET /api/v1/subjects [] []
[2018-01-05 00:19:54] application.DEBUG: < 200 [] []
[2018-01-05 00:19:57] application.INFO: Matched route "{route}". {"route":"GET_api_v1_topics","route_parameters":{"_controller":"topics.controller:getAll","_route":"GET_api_v1_topics"},"request_uri":"http://vestapp.000webhostapp.com/api/v1/topics","method":"GET"} []
[2018-01-05 00:19:57] application.DEBUG: > GET /api/v1/topics [] []
[2018-01-05 00:19:57] application.DEBUG: < 200 [] []
[2018-01-05 00:21:04] application.INFO: Matched route "{route}". {"route":"GET_api_v1_subjects","route_parameters":{"_controller":"subjects.controller:getAll","_route":"GET_api_v1_subjects"},"request_uri":"http://vestapp.000webhostapp.com/api/v1/subjects","method":"GET"} []
[2018-01-05 00:21:04] application.DEBUG: > GET /api/v1/subjects [] []
[2018-01-05 00:21:04] application.DEBUG: < 200 [] []
[2018-01-05 00:21:06] application.INFO: Matched route "{route}". {"route":"GET_api_v1_topics","route_parameters":{"_controller":"topics.controller:getAll","_route":"GET_api_v1_topics"},"request_uri":"http://vestapp.000webhostapp.com/api/v1/topics","method":"GET"} []
[2018-01-05 00:21:06] application.DEBUG: > GET /api/v1/topics [] []
[2018-01-05 00:21:06] application.DEBUG: < 200 [] []
[2018-01-05 00:23:56] application.INFO: Matched route "{route}". {"route":"GET_api_v1_subjects","route_parameters":{"_controller":"subjects.controller:getAll","_route":"GET_api_v1_subjects"},"request_uri":"http://vestapp.000webhostapp.com/api/v1/subjects","method":"GET"} []
[2018-01-05 00:23:56] application.DEBUG: > GET /api/v1/subjects [] []
[2018-01-05 00:23:56] application.DEBUG: < 200 [] []
[2018-01-05 00:23:58] application.INFO: Matched route "{route}". {"route":"GET_api_v1_topics","route_parameters":{"_controller":"topics.controller:getAll","_route":"GET_api_v1_topics"},"request_uri":"http://vestapp.000webhostapp.com/api/v1/topics","method":"GET"} []
[2018-01-05 00:23:58] application.DEBUG: > GET /api/v1/topics [] []
[2018-01-05 00:23:58] application.DEBUG: < 200 [] []
[2018-01-05 00:55:38] application.INFO: Matched route "{route}". {"route":"GET_api_v1_subjects","route_parameters":{"_controller":"subjects.controller:getAll","_route":"GET_api_v1_subjects"},"request_uri":"http://vestapp.000webhostapp.com/api/v1/subjects","method":"GET"} []
[2018-01-05 00:55:38] application.DEBUG: > GET /api/v1/subjects [] []
[2018-01-05 00:55:38] application.DEBUG: < 200 [] []
[2018-01-05 00:55:39] application.INFO: Matched route "{route}". {"route":"GET_api_v1_topics","route_parameters":{"_controller":"topics.controller:getAll","_route":"GET_api_v1_topics"},"request_uri":"http://vestapp.000webhostapp.com/api/v1/topics","method":"GET"} []
[2018-01-05 00:55:39] application.DEBUG: > GET /api/v1/topics [] []
[2018-01-05 00:55:40] application.DEBUG: < 200 [] []
[2018-01-05 20:22:05] application.ERROR: Symfony\Component\HttpKernel\Exception\NotFoundHttpException: No route found for "GET /api/v1/" (uncaught exception) at /storage/ssd1/366/4147366/public_html/vendor/symfony/http-kernel/EventListener/RouterListener.php line 125 {"exception":"[object] (Symfony\\Component\\HttpKernel\\Exception\\NotFoundHttpException(code: 0): No route found for \"GET /api/v1/\" at /storage/ssd1/366/4147366/public_html/vendor/symfony/http-kernel/EventListener/RouterListener.php:125, Symfony\\Component\\Routing\\Exception\\ResourceNotFoundException(code: 0): No routes found for \"/api/v1/\". at /storage/ssd1/366/4147366/public_html/vendor/symfony/routing/Matcher/UrlMatcher.php:98)"} []
[2018-01-05 20:22:05] application.ERROR: No route found for "GET /api/v1/" [] []
[2018-01-05 20:22:05] application.ERROR: #0 [internal function]: Symfony\Component\HttpKernel\EventListener\RouterListener->onKernelRequest(Object(Symfony\Component\HttpKernel\Event\GetResponseEvent), 'kernel.request', Object(Symfony\Component\EventDispatcher\EventDispatcher)) #1 /storage/ssd1/366/4147366/public_html/vendor/symfony/event-dispatcher/EventDispatcher.php(174): call_user_func(Array, Object(Symfony\Component\HttpKernel\Event\GetResponseEvent), 'kernel.request', Object(Symfony\Component\EventDispatcher\EventDispatcher)) #2 /storage/ssd1/366/4147366/public_html/vendor/symfony/event-dispatcher/EventDispatcher.php(43): Symfony\Component\EventDispatcher\EventDispatcher->doDispatch(Array, 'kernel.request', Object(Symfony\Component\HttpKernel\Event\GetResponseEvent)) #3 /storage/ssd1/366/4147366/public_html/vendor/symfony/http-kernel/HttpKernel.php(129): Symfony\Component\EventDispatcher\EventDispatcher->dispatch('kernel.request', Object(Symfony\Component\HttpKernel\Event\GetResponseEvent)) #4 /storage/ssd1/366/4147366/public_html/vendor/symfony/http-kernel/HttpKernel.php(68): Symfony\Component\HttpKernel\HttpKernel->handleRaw(Object(Symfony\Component\HttpFoundation\Request), 1) #5 /storage/ssd1/366/4147366/public_html/vendor/silex/silex/src/Silex/Application.php(496): Symfony\Component\HttpKernel\HttpKernel->handle(Object(Symfony\Component\HttpFoundation\Request), 1, true) #6 /storage/ssd1/366/4147366/public_html/vendor/symfony/http-kernel/HttpCache/HttpCache.php(471): Silex\Application->handle(Object(Symfony\Component\HttpFoundation\Request), 1, true) #7 /storage/ssd1/366/4147366/public_html/vendor/symfony/http-kernel/HttpCache/HttpCache.php(428): Symfony\Component\HttpKernel\HttpCache\HttpCache->forward(Object(Symfony\Component\HttpFoundation\Request), true) #8 /storage/ssd1/366/4147366/public_html/vendor/symfony/http-kernel/HttpCache/HttpCache.php(324): Symfony\Component\HttpKernel\HttpCache\HttpCache->fetch(Object(Symfony\Component\HttpFoundation\Request), true) #9 /storage/ssd1/366/4147366/public_html/vendor/symfony/http-kernel/HttpCache/HttpCache.php(190): Symfony\Component\HttpKernel\HttpCache\HttpCache->lookup(Object(Symfony\Component\HttpFoundation\Request), true) #10 /storage/ssd1/366/4147366/public_html/vendor/silex/silex/src/Silex/Provider/HttpCache/HttpCache.php(35): Symfony\Component\HttpKernel\HttpCache\HttpCache->handle(Object(Symfony\Component\HttpFoundation\Request)) #11 /storage/ssd1/366/4147366/public_html/web/index.php(13): Silex\Provider\HttpCache\HttpCache->run() #12 {main} [] []
[2018-01-05 20:22:05] application.DEBUG: < 404 [] []
[2018-01-05 22:09:54] application.ERROR: Symfony\Component\HttpKernel\Exception\NotFoundHttpException: No route found for "GET /api/v1/" (uncaught exception) at /storage/ssd1/366/4147366/public_html/vendor/symfony/http-kernel/EventListener/RouterListener.php line 125 {"exception":"[object] (Symfony\\Component\\HttpKernel\\Exception\\NotFoundHttpException(code: 0): No route found for \"GET /api/v1/\" at /storage/ssd1/366/4147366/public_html/vendor/symfony/http-kernel/EventListener/RouterListener.php:125, Symfony\\Component\\Routing\\Exception\\ResourceNotFoundException(code: 0): No routes found for \"/api/v1/\". at /storage/ssd1/366/4147366/public_html/vendor/symfony/routing/Matcher/UrlMatcher.php:98)"} []
[2018-01-05 22:09:54] application.ERROR: No route found for "GET /api/v1/" [] []
[2018-01-05 22:09:54] application.ERROR: #0 [internal function]: Symfony\Component\HttpKernel\EventListener\RouterListener->onKernelRequest(Object(Symfony\Component\HttpKernel\Event\GetResponseEvent), 'kernel.request', Object(Symfony\Component\EventDispatcher\EventDispatcher)) #1 /storage/ssd1/366/4147366/public_html/vendor/symfony/event-dispatcher/EventDispatcher.php(174): call_user_func(Array, Object(Symfony\Component\HttpKernel\Event\GetResponseEvent), 'kernel.request', Object(Symfony\Component\EventDispatcher\EventDispatcher)) #2 /storage/ssd1/366/4147366/public_html/vendor/symfony/event-dispatcher/EventDispatcher.php(43): Symfony\Component\EventDispatcher\EventDispatcher->doDispatch(Array, 'kernel.request', Object(Symfony\Component\HttpKernel\Event\GetResponseEvent)) #3 /storage/ssd1/366/4147366/public_html/vendor/symfony/http-kernel/HttpKernel.php(129): Symfony\Component\EventDispatcher\EventDispatcher->dispatch('kernel.request', Object(Symfony\Component\HttpKernel\Event\GetResponseEvent)) #4 /storage/ssd1/366/4147366/public_html/vendor/symfony/http-kernel/HttpKernel.php(68): Symfony\Component\HttpKernel\HttpKernel->handleRaw(Object(Symfony\Component\HttpFoundation\Request), 1) #5 /storage/ssd1/366/4147366/public_html/vendor/silex/silex/src/Silex/Application.php(496): Symfony\Component\HttpKernel\HttpKernel->handle(Object(Symfony\Component\HttpFoundation\Request), 1, true) #6 /storage/ssd1/366/4147366/public_html/vendor/symfony/http-kernel/HttpCache/HttpCache.php(471): Silex\Application->handle(Object(Symfony\Component\HttpFoundation\Request), 1, true) #7 /storage/ssd1/366/4147366/public_html/vendor/symfony/http-kernel/HttpCache/HttpCache.php(428): Symfony\Component\HttpKernel\HttpCache\HttpCache->forward(Object(Symfony\Component\HttpFoundation\Request), true) #8 /storage/ssd1/366/4147366/public_html/vendor/symfony/http-kernel/HttpCache/HttpCache.php(324): Symfony\Component\HttpKernel\HttpCache\HttpCache->fetch(Object(Symfony\Component\HttpFoundation\Request), true) #9 /storage/ssd1/366/4147366/public_html/vendor/symfony/http-kernel/HttpCache/HttpCache.php(190): Symfony\Component\HttpKernel\HttpCache\HttpCache->lookup(Object(Symfony\Component\HttpFoundation\Request), true) #10 /storage/ssd1/366/4147366/public_html/vendor/silex/silex/src/Silex/Provider/HttpCache/HttpCache.php(35): Symfony\Component\HttpKernel\HttpCache\HttpCache->handle(Object(Symfony\Component\HttpFoundation\Request)) #11 /storage/ssd1/366/4147366/public_html/web/index.php(13): Silex\Provider\HttpCache\HttpCache->run() #12 {main} [] []
[2018-01-05 22:09:54] application.DEBUG: < 404 [] []
[2018-01-05 23:45:32] application.INFO: Matched route "{route}". {"route":"GET_api_v1_subjects","route_parameters":{"_controller":"subjects.controller:getAll","_route":"GET_api_v1_subjects"},"request_uri":"http://vestapp.000webhostapp.com/api/v1/subjects","method":"GET"} []
[2018-01-05 23:45:32] application.DEBUG: > GET /api/v1/subjects [] []
[2018-01-05 23:45:32] application.DEBUG: < 200 [] []
[2018-01-05 23:45:33] application.INFO: Matched route "{route}". {"route":"GET_api_v1_topics","route_parameters":{"_controller":"topics.controller:getAll","_route":"GET_api_v1_topics"},"request_uri":"http://vestapp.000webhostapp.com/api/v1/topics","method":"GET"} []
[2018-01-05 23:45:33] application.DEBUG: > GET /api/v1/topics [] []
[2018-01-05 23:45:34] application.DEBUG: < 200 [] []
[2018-01-05 23:45:54] application.INFO: Matched route "{route}". {"route":"GET_api_v1_topics","route_parameters":{"_controller":"topics.controller:getAll","_route":"GET_api_v1_topics"},"request_uri":"http://vestapp.000webhostapp.com/api/v1/topics","method":"GET"} []
[2018-01-05 23:45:54] application.DEBUG: > GET /api/v1/topics [] []
[2018-01-05 23:45:54] application.DEBUG: < 200 [] []
[2018-01-05 23:45:56] application.INFO: Matched route "{route}". {"route":"GET_api_v1_topics","route_parameters":{"_controller":"topics.controller:getAll","_route":"GET_api_v1_topics"},"request_uri":"http://vestapp.000webhostapp.com/api/v1/topics","method":"GET"} []
[2018-01-05 23:45:56] application.DEBUG: > GET /api/v1/topics [] []
[2018-01-05 23:45:56] application.DEBUG: < 200 [] []
[2018-01-05 23:46:04] application.INFO: Matched route "{route}". {"route":"GET_api_v1_subjects","route_parameters":{"_controller":"subjects.controller:getAll","_route":"GET_api_v1_subjects"},"request_uri":"http://vestapp.000webhostapp.com/api/v1/subjects","method":"GET"} []
[2018-01-05 23:46:04] application.DEBUG: > GET /api/v1/subjects [] []
[2018-01-05 23:46:04] application.DEBUG: < 200 [] []
[2018-01-05 23:46:05] application.INFO: Matched route "{route}". {"route":"GET_api_v1_topics","route_parameters":{"_controller":"topics.controller:getAll","_route":"GET_api_v1_topics"},"request_uri":"http://vestapp.000webhostapp.com/api/v1/topics","method":"GET"} []
[2018-01-05 23:46:05] application.DEBUG: > GET /api/v1/topics [] []
[2018-01-05 23:46:05] application.DEBUG: < 200 [] []
[2018-01-05 23:56:22] application.INFO: Matched route "{route}". {"route":"GET_api_v1_subjects","route_parameters":{"_controller":"subjects.controller:getAll","_route":"GET_api_v1_subjects"},"request_uri":"http://vestapp.000webhostapp.com/api/v1/subjects","method":"GET"} []
[2018-01-05 23:56:22] application.DEBUG: > GET /api/v1/subjects [] []
[2018-01-05 23:56:22] application.DEBUG: < 200 [] []
[2018-01-05 23:56:24] application.INFO: Matched route "{route}". {"route":"GET_api_v1_topics","route_parameters":{"_controller":"topics.controller:getAll","_route":"GET_api_v1_topics"},"request_uri":"http://vestapp.000webhostapp.com/api/v1/topics","method":"GET"} []
[2018-01-05 23:56:24] application.DEBUG: > GET /api/v1/topics [] []
[2018-01-05 23:56:24] application.DEBUG: < 200 [] []
