[2018-01-01 00:00:03] application.INFO: Matched route "{route}". {"route":"GET_api_v1_subjects","route_parameters":{"_controller":"subjects.controller:getAll","_route":"GET_api_v1_subjects"},"request_uri":"http://vestapp.000webhostapp.com/api/v1/subjects","method":"GET"} []
[2018-01-01 00:00:03] application.DEBUG: > GET /api/v1/subjects [] []
[2018-01-01 00:00:04] application.DEBUG: < 200 [] []
[2018-01-01 00:21:03] application.INFO: Matched route "{route}". {"route":"GET_api_v1_subjects","route_parameters":{"_controller":"subjects.controller:getAll","_route":"GET_api_v1_subjects"},"request_uri":"http://vestapp.000webhostapp.com/api/v1/subjects","method":"GET"} []
[2018-01-01 00:21:03] application.DEBUG: > GET /api/v1/subjects [] []
[2018-01-01 00:21:03] application.DEBUG: < 200 [] []
[2018-01-01 00:21:26] application.INFO: Matched route "{route}". {"route":"GET_api_v1_subjects","route_parameters":{"_controller":"subjects.controller:getAll","_route":"GET_api_v1_subjects"},"request_uri":"http://vestapp.000webhostapp.com/api/v1/subjects","method":"GET"} []
[2018-01-01 00:21:26] application.DEBUG: > GET /api/v1/subjects [] []
[2018-01-01 00:21:26] application.DEBUG: < 200 [] []
[2018-01-01 00:24:20] application.INFO: Matched route "{route}". {"route":"GET_api_v1_subjects","route_parameters":{"_controller":"subjects.controller:getAll","_route":"GET_api_v1_subjects"},"request_uri":"http://vestapp.000webhostapp.com/api/v1/subjects","method":"GET"} []
[2018-01-01 00:24:20] application.DEBUG: > GET /api/v1/subjects [] []
[2018-01-01 00:24:20] application.DEBUG: < 200 [] []
[2018-01-01 00:25:28] application.INFO: Matched route "{route}". {"route":"GET_api_v1_subjects","route_parameters":{"_controller":"subjects.controller:getAll","_route":"GET_api_v1_subjects"},"request_uri":"http://vestapp.000webhostapp.com/api/v1/subjects","method":"GET"} []
[2018-01-01 00:25:28] application.DEBUG: > GET /api/v1/subjects [] []
[2018-01-01 00:25:28] application.DEBUG: < 200 [] []
[2018-01-01 00:31:00] application.INFO: Matched route "{route}". {"route":"GET_api_v1_subjects","route_parameters":{"_controller":"subjects.controller:getAll","_route":"GET_api_v1_subjects"},"request_uri":"http://vestapp.000webhostapp.com/api/v1/subjects","method":"GET"} []
[2018-01-01 00:31:00] application.DEBUG: > GET /api/v1/subjects [] []
[2018-01-01 00:31:00] application.DEBUG: < 200 [] []
[2018-01-01 00:32:34] application.INFO: Matched route "{route}". {"route":"GET_api_v1_subjects","route_parameters":{"_controller":"subjects.controller:getAll","_route":"GET_api_v1_subjects"},"request_uri":"http://vestapp.000webhostapp.com/api/v1/subjects","method":"GET"} []
[2018-01-01 00:32:34] application.DEBUG: > GET /api/v1/subjects [] []
[2018-01-01 00:32:34] application.DEBUG: < 200 [] []
[2018-01-01 00:33:27] application.INFO: Matched route "{route}". {"route":"GET_api_v1_subjects","route_parameters":{"_controller":"subjects.controller:getAll","_route":"GET_api_v1_subjects"},"request_uri":"http://vestapp.000webhostapp.com/api/v1/subjects","method":"GET"} []
[2018-01-01 00:33:27] application.DEBUG: > GET /api/v1/subjects [] []
[2018-01-01 00:33:28] application.DEBUG: < 200 [] []
[2018-01-01 02:13:52] application.INFO: Matched route "{route}". {"route":"GET_api_v1_subjects","route_parameters":{"_controller":"subjects.controller:getAll","_route":"GET_api_v1_subjects"},"request_uri":"http://vestapp.000webhostapp.com/api/v1/subjects","method":"GET"} []
[2018-01-01 02:13:52] application.DEBUG: > GET /api/v1/subjects [] []
[2018-01-01 02:13:52] application.DEBUG: < 200 [] []
[2018-01-01 02:14:13] application.INFO: Matched route "{route}". {"route":"GET_api_v1_subjects","route_parameters":{"_controller":"subjects.controller:getAll","_route":"GET_api_v1_subjects"},"request_uri":"http://vestapp.000webhostapp.com/api/v1/subjects","method":"GET"} []
[2018-01-01 02:14:13] application.DEBUG: > GET /api/v1/subjects [] []
[2018-01-01 02:14:13] application.DEBUG: < 200 [] []
[2018-01-01 02:45:26] application.INFO: Matched route "{route}". {"route":"GET_api_v1_topics","route_parameters":{"_controller":"topics.controller:getAll","_route":"GET_api_v1_topics"},"request_uri":"http://vestapp.000webhostapp.com/api/v1/topics","method":"GET"} []
[2018-01-01 02:45:26] application.DEBUG: > GET /api/v1/topics [] []
[2018-01-01 02:45:26] application.DEBUG: < 200 [] []
[2018-01-01 03:05:26] application.INFO: Matched route "{route}". {"route":"GET_api_v1_subjects","route_parameters":{"_controller":"subjects.controller:getAll","_route":"GET_api_v1_subjects"},"request_uri":"http://vestapp.000webhostapp.com/api/v1/subjects","method":"GET"} []
[2018-01-01 03:05:26] application.DEBUG: > GET /api/v1/subjects [] []
[2018-01-01 03:05:26] application.DEBUG: < 200 [] []
[2018-01-01 03:10:07] application.INFO: Matched route "{route}". {"route":"GET_api_v1_subjects","route_parameters":{"_controller":"subjects.controller:getAll","_route":"GET_api_v1_subjects"},"request_uri":"http://vestapp.000webhostapp.com/api/v1/subjects","method":"GET"} []
[2018-01-01 03:10:07] application.DEBUG: > GET /api/v1/subjects [] []
[2018-01-01 03:10:07] application.DEBUG: < 200 [] []
[2018-01-01 03:10:46] application.INFO: Matched route "{route}". {"route":"GET_api_v1_topics_id","route_parameters":{"_controller":"topics.controller:getOne","id":"Biologia","_route":"GET_api_v1_topics_id"},"request_uri":"http://vestapp.000webhostapp.com/api/v1/topics/Biologia","method":"GET"} []
[2018-01-01 03:10:46] application.DEBUG: > GET /api/v1/topics/Biologia [] []
[2018-01-01 03:10:46] application.DEBUG: < 200 [] []
[2018-01-01 03:10:51] application.INFO: Matched route "{route}". {"route":"GET_api_v1_topics_id","route_parameters":{"_controller":"topics.controller:getOne","id":"Biology","_route":"GET_api_v1_topics_id"},"request_uri":"http://vestapp.000webhostapp.com/api/v1/topics/Biology","method":"GET"} []
[2018-01-01 03:10:51] application.DEBUG: > GET /api/v1/topics/Biology [] []
[2018-01-01 03:10:51] application.DEBUG: < 200 [] []
[2018-01-01 03:10:57] application.INFO: Matched route "{route}". {"route":"GET_api_v1_topics_id","route_parameters":{"_controller":"topics.controller:getOne","id":"1","_route":"GET_api_v1_topics_id"},"request_uri":"http://vestapp.000webhostapp.com/api/v1/topics/1","method":"GET"} []
[2018-01-01 03:10:57] application.DEBUG: > GET /api/v1/topics/1 [] []
[2018-01-01 03:10:57] application.DEBUG: < 200 [] []
[2018-01-01 03:11:12] application.ERROR: Symfony\Component\HttpKernel\Exception\NotFoundHttpException: No route found for "GET /api/v1/topics/" (uncaught exception) at /storage/ssd1/366/4147366/public_html/vendor/symfony/http-kernel/EventListener/RouterListener.php line 125 {"exception":"[object] (Symfony\\Component\\HttpKernel\\Exception\\NotFoundHttpException(code: 0): No route found for \"GET /api/v1/topics/\" at /storage/ssd1/366/4147366/public_html/vendor/symfony/http-kernel/EventListener/RouterListener.php:125, Symfony\\Component\\Routing\\Exception\\ResourceNotFoundException(code: 0): No routes found for \"/api/v1/topics/\". at /storage/ssd1/366/4147366/public_html/vendor/symfony/routing/Matcher/UrlMatcher.php:98)"} []
[2018-01-01 03:11:12] application.ERROR: No route found for "GET /api/v1/topics/" [] []
[2018-01-01 03:11:12] application.ERROR: #0 [internal function]: Symfony\Component\HttpKernel\EventListener\RouterListener->onKernelRequest(Object(Symfony\Component\HttpKernel\Event\GetResponseEvent), 'kernel.request', Object(Symfony\Component\EventDispatcher\EventDispatcher)) #1 /storage/ssd1/366/4147366/public_html/vendor/symfony/event-dispatcher/EventDispatcher.php(174): call_user_func(Array, Object(Symfony\Component\HttpKernel\Event\GetResponseEvent), 'kernel.request', Object(Symfony\Component\EventDispatcher\EventDispatcher)) #2 /storage/ssd1/366/4147366/public_html/vendor/symfony/event-dispatcher/EventDispatcher.php(43): Symfony\Component\EventDispatcher\EventDispatcher->doDispatch(Array, 'kernel.request', Object(Symfony\Component\HttpKernel\Event\GetResponseEvent)) #3 /storage/ssd1/366/4147366/public_html/vendor/symfony/http-kernel/HttpKernel.php(129): Symfony\Component\EventDispatcher\EventDispatcher->dispatch('kernel.request', Object(Symfony\Component\HttpKernel\Event\GetResponseEvent)) #4 /storage/ssd1/366/4147366/public_html/vendor/symfony/http-kernel/HttpKernel.php(68): Symfony\Component\HttpKernel\HttpKernel->handleRaw(Object(Symfony\Component\HttpFoundation\Request), 1) #5 /storage/ssd1/366/4147366/public_html/vendor/silex/silex/src/Silex/Application.php(496): Symfony\Component\HttpKernel\HttpKernel->handle(Object(Symfony\Component\HttpFoundation\Request), 1, true) #6 /storage/ssd1/366/4147366/public_html/vendor/symfony/http-kernel/HttpCache/HttpCache.php(471): Silex\Application->handle(Object(Symfony\Component\HttpFoundation\Request), 1, true) #7 /storage/ssd1/366/4147366/public_html/vendor/symfony/http-kernel/HttpCache/HttpCache.php(428): Symfony\Component\HttpKernel\HttpCache\HttpCache->forward(Object(Symfony\Component\HttpFoundation\Request), true) #8 /storage/ssd1/366/4147366/public_html/vendor/symfony/http-kernel/HttpCache/HttpCache.php(324): Symfony\Component\HttpKernel\HttpCache\HttpCache->fetch(Object(Symfony\Component\HttpFoundation\Request), true) #9 /storage/ssd1/366/4147366/public_html/vendor/symfony/http-kernel/HttpCache/HttpCache.php(190): Symfony\Component\HttpKernel\HttpCache\HttpCache->lookup(Object(Symfony\Component\HttpFoundation\Request), true) #10 /storage/ssd1/366/4147366/public_html/vendor/silex/silex/src/Silex/Provider/HttpCache/HttpCache.php(35): Symfony\Component\HttpKernel\HttpCache\HttpCache->handle(Object(Symfony\Component\HttpFoundation\Request)) #11 /storage/ssd1/366/4147366/public_html/web/index.php(13): Silex\Provider\HttpCache\HttpCache->run() #12 {main} [] []
[2018-01-01 03:11:12] application.DEBUG: < 404 [] []
[2018-01-01 03:11:15] application.INFO: Matched route "{route}". {"route":"GET_api_v1_topics","route_parameters":{"_controller":"topics.controller:getAll","_route":"GET_api_v1_topics"},"request_uri":"http://vestapp.000webhostapp.com/api/v1/topics","method":"GET"} []
[2018-01-01 03:11:15] application.DEBUG: > GET /api/v1/topics [] []
[2018-01-01 03:11:15] application.DEBUG: < 200 [] []
[2018-01-01 03:13:05] application.INFO: Matched route "{route}". {"route":"GET_api_v1_subjects","route_parameters":{"_controller":"subjects.controller:getAll","_route":"GET_api_v1_subjects"},"request_uri":"http://vestapp.000webhostapp.com/api/v1/subjects","method":"GET"} []
[2018-01-01 03:13:05] application.DEBUG: > GET /api/v1/subjects [] []
[2018-01-01 03:13:06] application.DEBUG: < 200 [] []
[2018-01-01 03:14:36] application.INFO: Matched route "{route}". {"route":"GET_api_v1_subjects","route_parameters":{"_controller":"subjects.controller:getAll","_route":"GET_api_v1_subjects"},"request_uri":"http://vestapp.000webhostapp.com/api/v1/subjects","method":"GET"} []
[2018-01-01 03:14:36] application.DEBUG: > GET /api/v1/subjects [] []
[2018-01-01 03:14:36] application.DEBUG: < 200 [] []
[2018-01-01 03:16:04] application.INFO: Matched route "{route}". {"route":"GET_api_v1_subjects","route_parameters":{"_controller":"subjects.controller:getAll","_route":"GET_api_v1_subjects"},"request_uri":"http://vestapp.000webhostapp.com/api/v1/subjects","method":"GET"} []
[2018-01-01 03:16:04] application.DEBUG: > GET /api/v1/subjects [] []
[2018-01-01 03:16:04] application.DEBUG: < 200 [] []
[2018-01-01 03:16:06] application.INFO: Matched route "{route}". {"route":"GET_api_v1_topics","route_parameters":{"_controller":"topics.controller:getAll","_route":"GET_api_v1_topics"},"request_uri":"http://vestapp.000webhostapp.com/api/v1/topics","method":"GET"} []
[2018-01-01 03:16:06] application.DEBUG: > GET /api/v1/topics [] []
[2018-01-01 03:16:06] application.DEBUG: < 200 [] []
[2018-01-01 03:17:15] application.INFO: Matched route "{route}". {"route":"GET_api_v1_subjects","route_parameters":{"_controller":"subjects.controller:getAll","_route":"GET_api_v1_subjects"},"request_uri":"http://vestapp.000webhostapp.com/api/v1/subjects","method":"GET"} []
[2018-01-01 03:17:15] application.DEBUG: > GET /api/v1/subjects [] []
[2018-01-01 03:17:15] application.DEBUG: < 200 [] []
[2018-01-01 03:17:16] application.INFO: Matched route "{route}". {"route":"GET_api_v1_topics","route_parameters":{"_controller":"topics.controller:getAll","_route":"GET_api_v1_topics"},"request_uri":"http://vestapp.000webhostapp.com/api/v1/topics","method":"GET"} []
[2018-01-01 03:17:16] application.DEBUG: > GET /api/v1/topics [] []
[2018-01-01 03:17:16] application.DEBUG: < 200 [] []
[2018-01-01 03:18:05] application.INFO: Matched route "{route}". {"route":"GET_api_v1_subjects","route_parameters":{"_controller":"subjects.controller:getAll","_route":"GET_api_v1_subjects"},"request_uri":"http://vestapp.000webhostapp.com/api/v1/subjects","method":"GET"} []
[2018-01-01 03:18:05] application.DEBUG: > GET /api/v1/subjects [] []
[2018-01-01 03:18:05] application.DEBUG: < 200 [] []
[2018-01-01 03:18:08] application.INFO: Matched route "{route}". {"route":"GET_api_v1_subjects","route_parameters":{"_controller":"subjects.controller:getAll","_route":"GET_api_v1_subjects"},"request_uri":"http://vestapp.000webhostapp.com/api/v1/subjects","method":"GET"} []
[2018-01-01 03:18:08] application.DEBUG: > GET /api/v1/subjects [] []
[2018-01-01 03:18:09] application.DEBUG: < 200 [] []
[2018-01-01 03:18:10] application.INFO: Matched route "{route}". {"route":"GET_api_v1_topics","route_parameters":{"_controller":"topics.controller:getAll","_route":"GET_api_v1_topics"},"request_uri":"http://vestapp.000webhostapp.com/api/v1/topics","method":"GET"} []
[2018-01-01 03:18:10] application.DEBUG: > GET /api/v1/topics [] []
[2018-01-01 03:18:10] application.DEBUG: < 200 [] []
[2018-01-01 03:18:59] application.INFO: Matched route "{route}". {"route":"GET_api_v1_subjects","route_parameters":{"_controller":"subjects.controller:getAll","_route":"GET_api_v1_subjects"},"request_uri":"http://vestapp.000webhostapp.com/api/v1/subjects","method":"GET"} []
[2018-01-01 03:18:59] application.DEBUG: > GET /api/v1/subjects [] []
[2018-01-01 03:18:59] application.DEBUG: < 200 [] []
[2018-01-01 03:25:48] application.INFO: Matched route "{route}". {"route":"GET_api_v1_subjects","route_parameters":{"_controller":"subjects.controller:getAll","_route":"GET_api_v1_subjects"},"request_uri":"http://vestapp.000webhostapp.com/api/v1/subjects","method":"GET"} []
[2018-01-01 03:25:48] application.DEBUG: > GET /api/v1/subjects [] []
[2018-01-01 03:25:48] application.DEBUG: < 200 [] []
[2018-01-01 03:25:50] application.INFO: Matched route "{route}". {"route":"GET_api_v1_topics","route_parameters":{"_controller":"topics.controller:getAll","_route":"GET_api_v1_topics"},"request_uri":"http://vestapp.000webhostapp.com/api/v1/topics","method":"GET"} []
[2018-01-01 03:25:50] application.DEBUG: > GET /api/v1/topics [] []
[2018-01-01 03:25:50] application.DEBUG: < 200 [] []
[2018-01-01 03:25:53] application.INFO: Matched route "{route}". {"route":"GET_api_v1_topics","route_parameters":{"_controller":"topics.controller:getAll","_route":"GET_api_v1_topics"},"request_uri":"http://vestapp.000webhostapp.com/api/v1/topics","method":"GET"} []
[2018-01-01 03:25:53] application.DEBUG: > GET /api/v1/topics [] []
[2018-01-01 03:25:53] application.DEBUG: < 200 [] []
[2018-01-01 03:26:02] application.INFO: Matched route "{route}". {"route":"GET_api_v1_topics","route_parameters":{"_controller":"topics.controller:getAll","_route":"GET_api_v1_topics"},"request_uri":"http://vestapp.000webhostapp.com/api/v1/topics","method":"GET"} []
[2018-01-01 03:26:02] application.DEBUG: > GET /api/v1/topics [] []
[2018-01-01 03:26:02] application.DEBUG: < 200 [] []
[2018-01-01 03:26:05] application.INFO: Matched route "{route}". {"route":"GET_api_v1_topics","route_parameters":{"_controller":"topics.controller:getAll","_route":"GET_api_v1_topics"},"request_uri":"http://vestapp.000webhostapp.com/api/v1/topics","method":"GET"} []
[2018-01-01 03:26:05] application.DEBUG: > GET /api/v1/topics [] []
[2018-01-01 03:26:05] application.DEBUG: < 200 [] []
[2018-01-01 03:26:07] application.INFO: Matched route "{route}". {"route":"GET_api_v1_topics","route_parameters":{"_controller":"topics.controller:getAll","_route":"GET_api_v1_topics"},"request_uri":"http://vestapp.000webhostapp.com/api/v1/topics","method":"GET"} []
[2018-01-01 03:26:07] application.DEBUG: > GET /api/v1/topics [] []
[2018-01-01 03:26:07] application.DEBUG: < 200 [] []
[2018-01-01 03:26:18] application.INFO: Matched route "{route}". {"route":"GET_api_v1_subjects","route_parameters":{"_controller":"subjects.controller:getAll","_route":"GET_api_v1_subjects"},"request_uri":"http://vestapp.000webhostapp.com/api/v1/subjects","method":"GET"} []
[2018-01-01 03:26:18] application.DEBUG: > GET /api/v1/subjects [] []
[2018-01-01 03:26:18] application.DEBUG: < 200 [] []
[2018-01-01 03:26:19] application.INFO: Matched route "{route}". {"route":"GET_api_v1_topics","route_parameters":{"_controller":"topics.controller:getAll","_route":"GET_api_v1_topics"},"request_uri":"http://vestapp.000webhostapp.com/api/v1/topics","method":"GET"} []
[2018-01-01 03:26:19] application.DEBUG: > GET /api/v1/topics [] []
[2018-01-01 03:26:19] application.DEBUG: < 200 [] []
[2018-01-01 03:27:37] application.INFO: Matched route "{route}". {"route":"GET_api_v1_subjects","route_parameters":{"_controller":"subjects.controller:getAll","_route":"GET_api_v1_subjects"},"request_uri":"http://vestapp.000webhostapp.com/api/v1/subjects","method":"GET"} []
[2018-01-01 03:27:37] application.DEBUG: > GET /api/v1/subjects [] []
[2018-01-01 03:27:37] application.DEBUG: < 200 [] []
[2018-01-01 03:27:40] application.INFO: Matched route "{route}". {"route":"GET_api_v1_topics","route_parameters":{"_controller":"topics.controller:getAll","_route":"GET_api_v1_topics"},"request_uri":"http://vestapp.000webhostapp.com/api/v1/topics","method":"GET"} []
[2018-01-01 03:27:40] application.DEBUG: > GET /api/v1/topics [] []
[2018-01-01 03:27:40] application.DEBUG: < 200 [] []
[2018-01-01 03:27:51] application.INFO: Matched route "{route}". {"route":"GET_api_v1_subjects","route_parameters":{"_controller":"subjects.controller:getAll","_route":"GET_api_v1_subjects"},"request_uri":"http://vestapp.000webhostapp.com/api/v1/subjects","method":"GET"} []
[2018-01-01 03:27:51] application.DEBUG: > GET /api/v1/subjects [] []
[2018-01-01 03:27:51] application.DEBUG: < 200 [] []
