[2018-01-02 15:10:13] application.INFO: Matched route "{route}". {"route":"GET_api_v1_subjects","route_parameters":{"_controller":"subjects.controller:getAll","_route":"GET_api_v1_subjects"},"request_uri":"http://vestapp.000webhostapp.com/api/v1/subjects","method":"GET"} []
[2018-01-02 15:10:13] application.DEBUG: > GET /api/v1/subjects [] []
[2018-01-02 15:10:13] application.DEBUG: < 200 [] []
[2018-01-02 15:10:22] application.INFO: Matched route "{route}". {"route":"GET_api_v1_subjects","route_parameters":{"_controller":"subjects.controller:getAll","_route":"GET_api_v1_subjects"},"request_uri":"http://vestapp.000webhostapp.com/api/v1/subjects","method":"GET"} []
[2018-01-02 15:10:22] application.DEBUG: > GET /api/v1/subjects [] []
[2018-01-02 15:10:22] application.DEBUG: < 200 [] []
[2018-01-02 15:11:49] application.INFO: Matched route "{route}". {"route":"POST_api_v1_users","route_parameters":{"_controller":"users.controller:save","_route":"POST_api_v1_users"},"request_uri":"http://vestapp.000webhostapp.com/api/v1/users","method":"POST"} []
[2018-01-02 15:11:49] application.DEBUG: > POST /api/v1/users [] []
[2018-01-02 15:11:49] application.DEBUG: < 200 [] []
[2018-01-02 15:11:52] application.INFO: Matched route "{route}". {"route":"GET_api_v1_subjects","route_parameters":{"_controller":"subjects.controller:getAll","_route":"GET_api_v1_subjects"},"request_uri":"http://vestapp.000webhostapp.com/api/v1/subjects","method":"GET"} []
[2018-01-02 15:11:52] application.DEBUG: > GET /api/v1/subjects [] []
[2018-01-02 15:11:52] application.DEBUG: < 200 [] []
[2018-01-02 15:12:52] application.INFO: Matched route "{route}". {"route":"GET_api_v1_subjects","route_parameters":{"_controller":"subjects.controller:getAll","_route":"GET_api_v1_subjects"},"request_uri":"http://vestapp.000webhostapp.com/api/v1/subjects","method":"GET"} []
[2018-01-02 15:12:52] application.DEBUG: > GET /api/v1/subjects [] []
[2018-01-02 15:12:52] application.DEBUG: < 200 [] []
[2018-01-02 15:12:53] application.INFO: Matched route "{route}". {"route":"GET_api_v1_topics","route_parameters":{"_controller":"topics.controller:getAll","_route":"GET_api_v1_topics"},"request_uri":"http://vestapp.000webhostapp.com/api/v1/topics","method":"GET"} []
[2018-01-02 15:12:53] application.DEBUG: > GET /api/v1/topics [] []
[2018-01-02 15:12:54] application.DEBUG: < 200 [] []
[2018-01-02 15:13:09] application.INFO: Matched route "{route}". {"route":"GET_api_v1_subjects","route_parameters":{"_controller":"subjects.controller:getAll","_route":"GET_api_v1_subjects"},"request_uri":"http://vestapp.000webhostapp.com/api/v1/subjects","method":"GET"} []
[2018-01-02 15:13:09] application.DEBUG: > GET /api/v1/subjects [] []
[2018-01-02 15:13:10] application.DEBUG: < 200 [] []
[2018-01-02 15:13:14] application.INFO: Matched route "{route}". {"route":"GET_api_v1_topics","route_parameters":{"_controller":"topics.controller:getAll","_route":"GET_api_v1_topics"},"request_uri":"http://vestapp.000webhostapp.com/api/v1/topics","method":"GET"} []
[2018-01-02 15:13:14] application.DEBUG: > GET /api/v1/topics [] []
[2018-01-02 15:13:14] application.DEBUG: < 200 [] []
[2018-01-02 15:13:29] application.INFO: Matched route "{route}". {"route":"GET_api_v1_subjects","route_parameters":{"_controller":"subjects.controller:getAll","_route":"GET_api_v1_subjects"},"request_uri":"http://vestapp.000webhostapp.com/api/v1/subjects","method":"GET"} []
[2018-01-02 15:13:29] application.DEBUG: > GET /api/v1/subjects [] []
[2018-01-02 15:13:29] application.DEBUG: < 200 [] []
[2018-01-02 15:13:47] application.INFO: Matched route "{route}". {"route":"GET_api_v1_topics","route_parameters":{"_controller":"topics.controller:getAll","_route":"GET_api_v1_topics"},"request_uri":"http://vestapp.000webhostapp.com/api/v1/topics","method":"GET"} []
[2018-01-02 15:13:47] application.DEBUG: > GET /api/v1/topics [] []
[2018-01-02 15:13:47] application.DEBUG: < 200 [] []
[2018-01-02 15:14:03] application.INFO: Matched route "{route}". {"route":"GET_api_v1_subjects","route_parameters":{"_controller":"subjects.controller:getAll","_route":"GET_api_v1_subjects"},"request_uri":"http://vestapp.000webhostapp.com/api/v1/subjects","method":"GET"} []
[2018-01-02 15:14:03] application.DEBUG: > GET /api/v1/subjects [] []
[2018-01-02 15:14:03] application.DEBUG: < 200 [] []
[2018-01-02 15:14:11] application.INFO: Matched route "{route}". {"route":"GET_api_v1_topics","route_parameters":{"_controller":"topics.controller:getAll","_route":"GET_api_v1_topics"},"request_uri":"http://vestapp.000webhostapp.com/api/v1/topics","method":"GET"} []
[2018-01-02 15:14:11] application.DEBUG: > GET /api/v1/topics [] []
[2018-01-02 15:14:11] application.DEBUG: < 200 [] []
[2018-01-02 15:20:36] application.INFO: Matched route "{route}". {"route":"POST_api_v1_users","route_parameters":{"_controller":"users.controller:save","_route":"POST_api_v1_users"},"request_uri":"http://vestapp.000webhostapp.com/api/v1/users","method":"POST"} []
[2018-01-02 15:20:36] application.DEBUG: > POST /api/v1/users [] []
[2018-01-02 15:20:36] application.DEBUG: < 200 [] []
[2018-01-02 15:20:38] application.INFO: Matched route "{route}". {"route":"GET_api_v1_subjects","route_parameters":{"_controller":"subjects.controller:getAll","_route":"GET_api_v1_subjects"},"request_uri":"http://vestapp.000webhostapp.com/api/v1/subjects","method":"GET"} []
[2018-01-02 15:20:38] application.DEBUG: > GET /api/v1/subjects [] []
[2018-01-02 15:20:38] application.DEBUG: < 200 [] []
[2018-01-02 15:20:50] application.INFO: Matched route "{route}". {"route":"GET_api_v1_subjects","route_parameters":{"_controller":"subjects.controller:getAll","_route":"GET_api_v1_subjects"},"request_uri":"http://vestapp.000webhostapp.com/api/v1/subjects","method":"GET"} []
[2018-01-02 15:20:50] application.DEBUG: > GET /api/v1/subjects [] []
[2018-01-02 15:20:51] application.DEBUG: < 200 [] []
[2018-01-02 15:21:07] application.INFO: Matched route "{route}". {"route":"POST_api_v1_sessions","route_parameters":{"_controller":"sessions.controller:signIn","_route":"POST_api_v1_sessions"},"request_uri":"http://vestapp.000webhostapp.com/api/v1/sessions","method":"POST"} []
[2018-01-02 15:21:07] application.DEBUG: > POST /api/v1/sessions [] []
[2018-01-02 15:21:07] application.DEBUG: < 200 [] []
[2018-01-02 15:21:10] application.INFO: Matched route "{route}". {"route":"POST_api_v1_sessions","route_parameters":{"_controller":"sessions.controller:signIn","_route":"POST_api_v1_sessions"},"request_uri":"http://vestapp.000webhostapp.com/api/v1/sessions","method":"POST"} []
[2018-01-02 15:21:10] application.DEBUG: > POST /api/v1/sessions [] []
[2018-01-02 15:21:11] application.DEBUG: < 200 [] []
[2018-01-02 15:23:43] application.INFO: Matched route "{route}". {"route":"POST_api_v1_sessions","route_parameters":{"_controller":"sessions.controller:signIn","_route":"POST_api_v1_sessions"},"request_uri":"http://vestapp.000webhostapp.com/api/v1/sessions","method":"POST"} []
[2018-01-02 15:23:43] application.DEBUG: > POST /api/v1/sessions [] []
[2018-01-02 15:23:43] application.DEBUG: < 200 [] []
[2018-01-02 15:23:44] application.INFO: Matched route "{route}". {"route":"POST_api_v1_sessions","route_parameters":{"_controller":"sessions.controller:signIn","_route":"POST_api_v1_sessions"},"request_uri":"http://vestapp.000webhostapp.com/api/v1/sessions","method":"POST"} []
[2018-01-02 15:23:44] application.DEBUG: > POST /api/v1/sessions [] []
[2018-01-02 15:23:44] application.DEBUG: < 200 [] []
[2018-01-02 15:23:46] application.INFO: Matched route "{route}". {"route":"POST_api_v1_sessions","route_parameters":{"_controller":"sessions.controller:signIn","_route":"POST_api_v1_sessions"},"request_uri":"http://vestapp.000webhostapp.com/api/v1/sessions","method":"POST"} []
[2018-01-02 15:23:46] application.DEBUG: > POST /api/v1/sessions [] []
[2018-01-02 15:23:46] application.DEBUG: < 200 [] []
[2018-01-02 15:23:54] application.INFO: Matched route "{route}". {"route":"GET_api_v1_subjects","route_parameters":{"_controller":"subjects.controller:getAll","_route":"GET_api_v1_subjects"},"request_uri":"http://vestapp.000webhostapp.com/api/v1/subjects","method":"GET"} []
[2018-01-02 15:23:54] application.DEBUG: > GET /api/v1/subjects [] []
[2018-01-02 15:23:54] application.DEBUG: < 200 [] []
[2018-01-02 15:24:10] application.INFO: Matched route "{route}". {"route":"GET_api_v1_subjects","route_parameters":{"_controller":"subjects.controller:getAll","_route":"GET_api_v1_subjects"},"request_uri":"http://vestapp.000webhostapp.com/api/v1/subjects","method":"GET"} []
[2018-01-02 15:24:10] application.DEBUG: > GET /api/v1/subjects [] []
[2018-01-02 15:24:10] application.DEBUG: < 200 [] []
[2018-01-02 15:42:53] application.INFO: Matched route "{route}". {"route":"POST_api_v1_sessions","route_parameters":{"_controller":"sessions.controller:signIn","_route":"POST_api_v1_sessions"},"request_uri":"http://vestapp.000webhostapp.com/api/v1/sessions","method":"POST"} []
[2018-01-02 15:42:53] application.DEBUG: > POST /api/v1/sessions [] []
[2018-01-02 15:42:53] application.DEBUG: < 200 [] []
[2018-01-02 15:42:56] application.INFO: Matched route "{route}". {"route":"POST_api_v1_sessions","route_parameters":{"_controller":"sessions.controller:signIn","_route":"POST_api_v1_sessions"},"request_uri":"http://vestapp.000webhostapp.com/api/v1/sessions","method":"POST"} []
[2018-01-02 15:42:56] application.DEBUG: > POST /api/v1/sessions [] []
[2018-01-02 15:42:56] application.DEBUG: < 200 [] []
[2018-01-02 15:43:22] application.INFO: Matched route "{route}". {"route":"POST_api_v1_sessions","route_parameters":{"_controller":"sessions.controller:signIn","_route":"POST_api_v1_sessions"},"request_uri":"http://vestapp.000webhostapp.com/api/v1/sessions","method":"POST"} []
[2018-01-02 15:43:22] application.DEBUG: > POST /api/v1/sessions [] []
[2018-01-02 15:43:22] application.DEBUG: < 200 [] []
[2018-01-02 15:46:53] application.INFO: Matched route "{route}". {"route":"POST_api_v1_sessions","route_parameters":{"_controller":"sessions.controller:signIn","_route":"POST_api_v1_sessions"},"request_uri":"http://vestapp.000webhostapp.com/api/v1/sessions","method":"POST"} []
[2018-01-02 15:46:53] application.DEBUG: > POST /api/v1/sessions [] []
[2018-01-02 15:46:53] application.DEBUG: < 200 [] []
[2018-01-02 15:48:01] application.INFO: Matched route "{route}". {"route":"POST_api_v1_sessions","route_parameters":{"_controller":"sessions.controller:signIn","_route":"POST_api_v1_sessions"},"request_uri":"http://vestapp.000webhostapp.com/api/v1/sessions","method":"POST"} []
[2018-01-02 15:48:01] application.DEBUG: > POST /api/v1/sessions [] []
[2018-01-02 15:48:03] application.DEBUG: < 200 [] []
[2018-01-02 15:49:45] application.INFO: Matched route "{route}". {"route":"POST_api_v1_sessions","route_parameters":{"_controller":"sessions.controller:signIn","_route":"POST_api_v1_sessions"},"request_uri":"http://vestapp.000webhostapp.com/api/v1/sessions","method":"POST"} []
[2018-01-02 15:49:45] application.DEBUG: > POST /api/v1/sessions [] []
[2018-01-02 15:49:45] application.DEBUG: < 200 [] []
[2018-01-02 15:50:18] application.INFO: Matched route "{route}". {"route":"GET_api_v1_subjects","route_parameters":{"_controller":"subjects.controller:getAll","_route":"GET_api_v1_subjects"},"request_uri":"http://vestapp.000webhostapp.com/api/v1/subjects","method":"GET"} []
[2018-01-02 15:50:18] application.DEBUG: > GET /api/v1/subjects [] []
[2018-01-02 15:50:18] application.DEBUG: < 200 [] []
[2018-01-02 15:50:32] application.INFO: Matched route "{route}". {"route":"GET_api_v1_subjects","route_parameters":{"_controller":"subjects.controller:getAll","_route":"GET_api_v1_subjects"},"request_uri":"http://vestapp.000webhostapp.com/api/v1/subjects","method":"GET"} []
[2018-01-02 15:50:32] application.DEBUG: > GET /api/v1/subjects [] []
[2018-01-02 15:50:32] application.DEBUG: < 200 [] []
[2018-01-02 16:06:42] application.INFO: Matched route "{route}". {"route":"GET_api_v1_subjects","route_parameters":{"_controller":"subjects.controller:getAll","_route":"GET_api_v1_subjects"},"request_uri":"http://vestapp.000webhostapp.com/api/v1/subjects","method":"GET"} []
[2018-01-02 16:06:42] application.DEBUG: > GET /api/v1/subjects [] []
[2018-01-02 16:06:42] application.DEBUG: < 200 [] []
[2018-01-02 16:10:16] application.INFO: Matched route "{route}". {"route":"GET_api_v1_subjects","route_parameters":{"_controller":"subjects.controller:getAll","_route":"GET_api_v1_subjects"},"request_uri":"http://vestapp.000webhostapp.com/api/v1/subjects","method":"GET"} []
[2018-01-02 16:10:16] application.DEBUG: > GET /api/v1/subjects [] []
[2018-01-02 16:10:16] application.DEBUG: < 200 [] []
[2018-01-02 16:16:18] application.INFO: Matched route "{route}". {"route":"GET_api_v1_subjects","route_parameters":{"_controller":"subjects.controller:getAll","_route":"GET_api_v1_subjects"},"request_uri":"http://vestapp.000webhostapp.com/api/v1/subjects","method":"GET"} []
[2018-01-02 16:16:18] application.DEBUG: > GET /api/v1/subjects [] []
[2018-01-02 16:16:18] application.DEBUG: < 200 [] []
[2018-01-02 16:16:19] application.INFO: Matched route "{route}". {"route":"GET_api_v1_topics","route_parameters":{"_controller":"topics.controller:getAll","_route":"GET_api_v1_topics"},"request_uri":"http://vestapp.000webhostapp.com/api/v1/topics","method":"GET"} []
[2018-01-02 16:16:19] application.DEBUG: > GET /api/v1/topics [] []
[2018-01-02 16:16:19] application.DEBUG: < 200 [] []
[2018-01-02 16:16:35] application.INFO: Matched route "{route}". {"route":"GET_api_v1_subjects","route_parameters":{"_controller":"subjects.controller:getAll","_route":"GET_api_v1_subjects"},"request_uri":"http://vestapp.000webhostapp.com/api/v1/subjects","method":"GET"} []
[2018-01-02 16:16:35] application.DEBUG: > GET /api/v1/subjects [] []
[2018-01-02 16:16:35] application.DEBUG: < 200 [] []
[2018-01-02 16:16:42] application.INFO: Matched route "{route}". {"route":"GET_api_v1_subjects","route_parameters":{"_controller":"subjects.controller:getAll","_route":"GET_api_v1_subjects"},"request_uri":"http://vestapp.000webhostapp.com/api/v1/subjects","method":"GET"} []
[2018-01-02 16:16:42] application.DEBUG: > GET /api/v1/subjects [] []
[2018-01-02 16:16:42] application.DEBUG: < 200 [] []
[2018-01-02 16:16:50] application.INFO: Matched route "{route}". {"route":"GET_api_v1_topics","route_parameters":{"_controller":"topics.controller:getAll","_route":"GET_api_v1_topics"},"request_uri":"http://vestapp.000webhostapp.com/api/v1/topics","method":"GET"} []
[2018-01-02 16:16:50] application.DEBUG: > GET /api/v1/topics [] []
[2018-01-02 16:16:50] application.DEBUG: < 200 [] []
[2018-01-02 16:18:23] application.INFO: Matched route "{route}". {"route":"GET_api_v1_subjects","route_parameters":{"_controller":"subjects.controller:getAll","_route":"GET_api_v1_subjects"},"request_uri":"http://vestapp.000webhostapp.com/api/v1/subjects","method":"GET"} []
[2018-01-02 16:18:23] application.DEBUG: > GET /api/v1/subjects [] []
[2018-01-02 16:18:24] application.DEBUG: < 200 [] []
[2018-01-02 16:18:25] application.INFO: Matched route "{route}". {"route":"GET_api_v1_topics","route_parameters":{"_controller":"topics.controller:getAll","_route":"GET_api_v1_topics"},"request_uri":"http://vestapp.000webhostapp.com/api/v1/topics","method":"GET"} []
[2018-01-02 16:18:25] application.DEBUG: > GET /api/v1/topics [] []
[2018-01-02 16:18:25] application.DEBUG: < 200 [] []
[2018-01-02 16:18:48] application.INFO: Matched route "{route}". {"route":"GET_api_v1_subjects","route_parameters":{"_controller":"subjects.controller:getAll","_route":"GET_api_v1_subjects"},"request_uri":"http://vestapp.000webhostapp.com/api/v1/subjects","method":"GET"} []
[2018-01-02 16:18:48] application.DEBUG: > GET /api/v1/subjects [] []
[2018-01-02 16:18:48] application.DEBUG: < 200 [] []
[2018-01-02 16:18:52] application.INFO: Matched route "{route}". {"route":"GET_api_v1_subjects","route_parameters":{"_controller":"subjects.controller:getAll","_route":"GET_api_v1_subjects"},"request_uri":"http://vestapp.000webhostapp.com/api/v1/subjects","method":"GET"} []
[2018-01-02 16:18:52] application.DEBUG: > GET /api/v1/subjects [] []
[2018-01-02 16:18:52] application.DEBUG: < 200 [] []
[2018-01-02 16:18:57] application.INFO: Matched route "{route}". {"route":"GET_api_v1_subjects","route_parameters":{"_controller":"subjects.controller:getAll","_route":"GET_api_v1_subjects"},"request_uri":"http://vestapp.000webhostapp.com/api/v1/subjects","method":"GET"} []
[2018-01-02 16:18:57] application.DEBUG: > GET /api/v1/subjects [] []
[2018-01-02 16:18:57] application.DEBUG: < 200 [] []
[2018-01-02 16:19:06] application.INFO: Matched route "{route}". {"route":"GET_api_v1_subjects","route_parameters":{"_controller":"subjects.controller:getAll","_route":"GET_api_v1_subjects"},"request_uri":"http://vestapp.000webhostapp.com/api/v1/subjects","method":"GET"} []
[2018-01-02 16:19:06] application.DEBUG: > GET /api/v1/subjects [] []
[2018-01-02 16:19:06] application.DEBUG: < 200 [] []
[2018-01-02 16:19:19] application.INFO: Matched route "{route}". {"route":"GET_api_v1_topics","route_parameters":{"_controller":"topics.controller:getAll","_route":"GET_api_v1_topics"},"request_uri":"http://vestapp.000webhostapp.com/api/v1/topics","method":"GET"} []
[2018-01-02 16:19:19] application.DEBUG: > GET /api/v1/topics [] []
[2018-01-02 16:19:19] application.DEBUG: < 200 [] []
[2018-01-02 16:23:28] application.INFO: Matched route "{route}". {"route":"GET_api_v1_topics","route_parameters":{"_controller":"topics.controller:getAll","_route":"GET_api_v1_topics"},"request_uri":"http://vestapp.000webhostapp.com/api/v1/topics","method":"GET"} []
[2018-01-02 16:23:28] application.DEBUG: > GET /api/v1/topics [] []
[2018-01-02 16:23:28] application.DEBUG: < 200 [] []
[2018-01-02 16:23:30] application.INFO: Matched route "{route}". {"route":"GET_api_v1_topics","route_parameters":{"_controller":"topics.controller:getAll","_route":"GET_api_v1_topics"},"request_uri":"http://vestapp.000webhostapp.com/api/v1/topics","method":"GET"} []
[2018-01-02 16:23:30] application.DEBUG: > GET /api/v1/topics [] []
[2018-01-02 16:23:30] application.DEBUG: < 200 [] []
[2018-01-02 16:23:32] application.INFO: Matched route "{route}". {"route":"GET_api_v1_topics","route_parameters":{"_controller":"topics.controller:getAll","_route":"GET_api_v1_topics"},"request_uri":"http://vestapp.000webhostapp.com/api/v1/topics","method":"GET"} []
[2018-01-02 16:23:32] application.DEBUG: > GET /api/v1/topics [] []
[2018-01-02 16:23:32] application.DEBUG: < 200 [] []
[2018-01-02 16:24:41] application.INFO: Matched route "{route}". {"route":"GET_api_v1_topics","route_parameters":{"_controller":"topics.controller:getAll","_route":"GET_api_v1_topics"},"request_uri":"http://vestapp.000webhostapp.com/api/v1/topics","method":"GET"} []
[2018-01-02 16:24:41] application.DEBUG: > GET /api/v1/topics [] []
[2018-01-02 16:24:42] application.DEBUG: < 200 [] []
[2018-01-02 16:25:12] application.INFO: Matched route "{route}". {"route":"GET_api_v1_subjects","route_parameters":{"_controller":"subjects.controller:getAll","_route":"GET_api_v1_subjects"},"request_uri":"http://vestapp.000webhostapp.com/api/v1/subjects","method":"GET"} []
[2018-01-02 16:25:12] application.DEBUG: > GET /api/v1/subjects [] []
[2018-01-02 16:25:12] application.DEBUG: < 200 [] []
[2018-01-02 16:26:35] application.INFO: Matched route "{route}". {"route":"GET_api_v1_topics","route_parameters":{"_controller":"topics.controller:getAll","_route":"GET_api_v1_topics"},"request_uri":"http://vestapp.000webhostapp.com/api/v1/topics","method":"GET"} []
[2018-01-02 16:26:35] application.DEBUG: > GET /api/v1/topics [] []
[2018-01-02 16:26:35] application.DEBUG: < 200 [] []
[2018-01-02 16:26:45] application.INFO: Matched route "{route}". {"route":"GET_api_v1_topics","route_parameters":{"_controller":"topics.controller:getAll","_route":"GET_api_v1_topics"},"request_uri":"http://vestapp.000webhostapp.com/api/v1/topics","method":"GET"} []
[2018-01-02 16:26:45] application.DEBUG: > GET /api/v1/topics [] []
[2018-01-02 16:26:45] application.DEBUG: < 200 [] []
[2018-01-02 16:28:25] application.INFO: Matched route "{route}". {"route":"GET_api_v1_subjects","route_parameters":{"_controller":"subjects.controller:getAll","_route":"GET_api_v1_subjects"},"request_uri":"http://vestapp.000webhostapp.com/api/v1/subjects","method":"GET"} []
[2018-01-02 16:28:25] application.DEBUG: > GET /api/v1/subjects [] []
[2018-01-02 16:28:25] application.DEBUG: < 200 [] []
[2018-01-02 16:29:03] application.INFO: Matched route "{route}". {"route":"GET_api_v1_topics","route_parameters":{"_controller":"topics.controller:getAll","_route":"GET_api_v1_topics"},"request_uri":"http://vestapp.000webhostapp.com/api/v1/topics","method":"GET"} []
[2018-01-02 16:29:03] application.DEBUG: > GET /api/v1/topics [] []
[2018-01-02 16:29:04] application.DEBUG: < 200 [] []
[2018-01-02 16:34:03] application.INFO: Matched route "{route}". {"route":"GET_api_v1_subjects","route_parameters":{"_controller":"subjects.controller:getAll","_route":"GET_api_v1_subjects"},"request_uri":"http://vestapp.000webhostapp.com/api/v1/subjects","method":"GET"} []
[2018-01-02 16:34:03] application.DEBUG: > GET /api/v1/subjects [] []
[2018-01-02 16:34:03] application.DEBUG: < 200 [] []
[2018-01-02 16:35:41] application.INFO: Matched route "{route}". {"route":"GET_api_v1_subjects","route_parameters":{"_controller":"subjects.controller:getAll","_route":"GET_api_v1_subjects"},"request_uri":"http://vestapp.000webhostapp.com/api/v1/subjects","method":"GET"} []
[2018-01-02 16:35:41] application.DEBUG: > GET /api/v1/subjects [] []
[2018-01-02 16:35:41] application.DEBUG: < 200 [] []
[2018-01-02 16:36:50] application.INFO: Matched route "{route}". {"route":"GET_api_v1_subjects","route_parameters":{"_controller":"subjects.controller:getAll","_route":"GET_api_v1_subjects"},"request_uri":"http://vestapp.000webhostapp.com/api/v1/subjects","method":"GET"} []
[2018-01-02 16:36:50] application.DEBUG: > GET /api/v1/subjects [] []
[2018-01-02 16:36:50] application.DEBUG: < 200 [] []
[2018-01-02 16:36:57] application.INFO: Matched route "{route}". {"route":"GET_api_v1_topics","route_parameters":{"_controller":"topics.controller:getAll","_route":"GET_api_v1_topics"},"request_uri":"http://vestapp.000webhostapp.com/api/v1/topics","method":"GET"} []
[2018-01-02 16:36:57] application.DEBUG: > GET /api/v1/topics [] []
[2018-01-02 16:36:57] application.DEBUG: < 200 [] []
[2018-01-02 16:37:08] application.INFO: Matched route "{route}". {"route":"GET_api_v1_topics","route_parameters":{"_controller":"topics.controller:getAll","_route":"GET_api_v1_topics"},"request_uri":"http://vestapp.000webhostapp.com/api/v1/topics","method":"GET"} []
[2018-01-02 16:37:08] application.DEBUG: > GET /api/v1/topics [] []
[2018-01-02 16:37:08] application.DEBUG: < 200 [] []
[2018-01-02 16:37:54] application.INFO: Matched route "{route}". {"route":"GET_api_v1_topics","route_parameters":{"_controller":"topics.controller:getAll","_route":"GET_api_v1_topics"},"request_uri":"http://vestapp.000webhostapp.com/api/v1/topics","method":"GET"} []
[2018-01-02 16:37:54] application.DEBUG: > GET /api/v1/topics [] []
[2018-01-02 16:37:54] application.DEBUG: < 200 [] []
[2018-01-02 16:38:04] application.INFO: Matched route "{route}". {"route":"GET_api_v1_subjects","route_parameters":{"_controller":"subjects.controller:getAll","_route":"GET_api_v1_subjects"},"request_uri":"http://vestapp.000webhostapp.com/api/v1/subjects","method":"GET"} []
[2018-01-02 16:38:04] application.DEBUG: > GET /api/v1/subjects [] []
[2018-01-02 16:38:04] application.DEBUG: < 200 [] []
[2018-01-02 16:38:16] application.INFO: Matched route "{route}". {"route":"GET_api_v1_subjects","route_parameters":{"_controller":"subjects.controller:getAll","_route":"GET_api_v1_subjects"},"request_uri":"http://vestapp.000webhostapp.com/api/v1/subjects","method":"GET"} []
[2018-01-02 16:38:16] application.DEBUG: > GET /api/v1/subjects [] []
[2018-01-02 16:38:16] application.DEBUG: < 200 [] []
[2018-01-02 16:38:51] application.INFO: Matched route "{route}". {"route":"GET_api_v1_subjects","route_parameters":{"_controller":"subjects.controller:getAll","_route":"GET_api_v1_subjects"},"request_uri":"http://vestapp.000webhostapp.com/api/v1/subjects","method":"GET"} []
[2018-01-02 16:38:51] application.DEBUG: > GET /api/v1/subjects [] []
[2018-01-02 16:38:52] application.DEBUG: < 200 [] []
[2018-01-02 16:38:59] application.INFO: Matched route "{route}". {"route":"GET_api_v1_topics","route_parameters":{"_controller":"topics.controller:getAll","_route":"GET_api_v1_topics"},"request_uri":"http://vestapp.000webhostapp.com/api/v1/topics","method":"GET"} []
[2018-01-02 16:38:59] application.DEBUG: > GET /api/v1/topics [] []
[2018-01-02 16:38:59] application.DEBUG: < 200 [] []
[2018-01-02 16:41:34] application.INFO: Matched route "{route}". {"route":"GET_api_v1_subjects","route_parameters":{"_controller":"subjects.controller:getAll","_route":"GET_api_v1_subjects"},"request_uri":"http://vestapp.000webhostapp.com/api/v1/subjects","method":"GET"} []
[2018-01-02 16:41:34] application.DEBUG: > GET /api/v1/subjects [] []
[2018-01-02 16:41:34] application.DEBUG: < 200 [] []
[2018-01-02 16:59:30] application.INFO: Matched route "{route}". {"route":"GET_api_v1_subjects","route_parameters":{"_controller":"subjects.controller:getAll","_route":"GET_api_v1_subjects"},"request_uri":"http://vestapp.000webhostapp.com/api/v1/subjects","method":"GET"} []
[2018-01-02 16:59:30] application.DEBUG: > GET /api/v1/subjects [] []
[2018-01-02 16:59:30] application.DEBUG: < 200 [] []
[2018-01-02 16:59:49] application.INFO: Matched route "{route}". {"route":"GET_api_v1_subjects","route_parameters":{"_controller":"subjects.controller:getAll","_route":"GET_api_v1_subjects"},"request_uri":"http://vestapp.000webhostapp.com/api/v1/subjects","method":"GET"} []
[2018-01-02 16:59:49] application.DEBUG: > GET /api/v1/subjects [] []
[2018-01-02 16:59:49] application.DEBUG: < 200 [] []
[2018-01-02 16:59:52] application.INFO: Matched route "{route}". {"route":"GET_api_v1_topics","route_parameters":{"_controller":"topics.controller:getAll","_route":"GET_api_v1_topics"},"request_uri":"http://vestapp.000webhostapp.com/api/v1/topics","method":"GET"} []
[2018-01-02 16:59:52] application.DEBUG: > GET /api/v1/topics [] []
[2018-01-02 16:59:52] application.DEBUG: < 200 [] []
[2018-01-02 16:59:58] application.INFO: Matched route "{route}". {"route":"GET_api_v1_topics","route_parameters":{"_controller":"topics.controller:getAll","_route":"GET_api_v1_topics"},"request_uri":"http://vestapp.000webhostapp.com/api/v1/topics","method":"GET"} []
[2018-01-02 16:59:58] application.DEBUG: > GET /api/v1/topics [] []
[2018-01-02 16:59:59] application.DEBUG: < 200 [] []
[2018-01-02 17:03:44] application.INFO: Matched route "{route}". {"route":"GET_api_v1_subjects","route_parameters":{"_controller":"subjects.controller:getAll","_route":"GET_api_v1_subjects"},"request_uri":"http://vestapp.000webhostapp.com/api/v1/subjects","method":"GET"} []
[2018-01-02 17:03:44] application.DEBUG: > GET /api/v1/subjects [] []
[2018-01-02 17:03:44] application.DEBUG: < 200 [] []
[2018-01-02 17:04:03] application.INFO: Matched route "{route}". {"route":"GET_api_v1_subjects","route_parameters":{"_controller":"subjects.controller:getAll","_route":"GET_api_v1_subjects"},"request_uri":"http://vestapp.000webhostapp.com/api/v1/subjects","method":"GET"} []
[2018-01-02 17:04:03] application.DEBUG: > GET /api/v1/subjects [] []
[2018-01-02 17:04:03] application.DEBUG: < 200 [] []
[2018-01-02 17:04:07] application.INFO: Matched route "{route}". {"route":"GET_api_v1_subjects","route_parameters":{"_controller":"subjects.controller:getAll","_route":"GET_api_v1_subjects"},"request_uri":"http://vestapp.000webhostapp.com/api/v1/subjects","method":"GET"} []
[2018-01-02 17:04:07] application.DEBUG: > GET /api/v1/subjects [] []
[2018-01-02 17:04:07] application.DEBUG: < 200 [] []
[2018-01-02 17:04:26] application.INFO: Matched route "{route}". {"route":"GET_api_v1_subjects","route_parameters":{"_controller":"subjects.controller:getAll","_route":"GET_api_v1_subjects"},"request_uri":"http://vestapp.000webhostapp.com/api/v1/subjects","method":"GET"} []
[2018-01-02 17:04:26] application.DEBUG: > GET /api/v1/subjects [] []
[2018-01-02 17:04:26] application.DEBUG: < 200 [] []
[2018-01-02 17:04:28] application.INFO: Matched route "{route}". {"route":"GET_api_v1_topics","route_parameters":{"_controller":"topics.controller:getAll","_route":"GET_api_v1_topics"},"request_uri":"http://vestapp.000webhostapp.com/api/v1/topics","method":"GET"} []
[2018-01-02 17:04:28] application.DEBUG: > GET /api/v1/topics [] []
[2018-01-02 17:04:28] application.DEBUG: < 200 [] []
[2018-01-02 17:05:16] application.INFO: Matched route "{route}". {"route":"GET_api_v1_subjects","route_parameters":{"_controller":"subjects.controller:getAll","_route":"GET_api_v1_subjects"},"request_uri":"http://vestapp.000webhostapp.com/api/v1/subjects","method":"GET"} []
[2018-01-02 17:05:16] application.DEBUG: > GET /api/v1/subjects [] []
[2018-01-02 17:05:16] application.DEBUG: < 200 [] []
[2018-01-02 17:05:25] application.INFO: Matched route "{route}". {"route":"GET_api_v1_subjects","route_parameters":{"_controller":"subjects.controller:getAll","_route":"GET_api_v1_subjects"},"request_uri":"http://vestapp.000webhostapp.com/api/v1/subjects","method":"GET"} []
[2018-01-02 17:05:25] application.DEBUG: > GET /api/v1/subjects [] []
[2018-01-02 17:05:25] application.DEBUG: < 200 [] []
[2018-01-02 17:05:27] application.INFO: Matched route "{route}". {"route":"GET_api_v1_topics","route_parameters":{"_controller":"topics.controller:getAll","_route":"GET_api_v1_topics"},"request_uri":"http://vestapp.000webhostapp.com/api/v1/topics","method":"GET"} []
[2018-01-02 17:05:27] application.DEBUG: > GET /api/v1/topics [] []
[2018-01-02 17:05:27] application.DEBUG: < 200 [] []
[2018-01-02 17:18:37] application.INFO: Matched route "{route}". {"route":"GET_api_v1_subjects","route_parameters":{"_controller":"subjects.controller:getAll","_route":"GET_api_v1_subjects"},"request_uri":"http://vestapp.000webhostapp.com/api/v1/subjects","method":"GET"} []
[2018-01-02 17:18:37] application.DEBUG: > GET /api/v1/subjects [] []
[2018-01-02 17:18:37] application.DEBUG: < 200 [] []
[2018-01-02 17:18:40] application.INFO: Matched route "{route}". {"route":"GET_api_v1_topics","route_parameters":{"_controller":"topics.controller:getAll","_route":"GET_api_v1_topics"},"request_uri":"http://vestapp.000webhostapp.com/api/v1/topics","method":"GET"} []
[2018-01-02 17:18:40] application.DEBUG: > GET /api/v1/topics [] []
[2018-01-02 17:18:40] application.DEBUG: < 200 [] []
[2018-01-02 17:47:55] application.INFO: Matched route "{route}". {"route":"GET_api_v1_subjects","route_parameters":{"_controller":"subjects.controller:getAll","_route":"GET_api_v1_subjects"},"request_uri":"http://vestapp.000webhostapp.com/api/v1/subjects","method":"GET"} []
[2018-01-02 17:47:55] application.DEBUG: > GET /api/v1/subjects [] []
[2018-01-02 17:47:55] application.DEBUG: < 200 [] []
[2018-01-02 17:50:43] application.INFO: Matched route "{route}". {"route":"GET_api_v1_subjects","route_parameters":{"_controller":"subjects.controller:getAll","_route":"GET_api_v1_subjects"},"request_uri":"http://vestapp.000webhostapp.com/api/v1/subjects","method":"GET"} []
[2018-01-02 17:50:43] application.DEBUG: > GET /api/v1/subjects [] []
[2018-01-02 17:50:43] application.DEBUG: < 200 [] []
[2018-01-02 17:50:46] application.INFO: Matched route "{route}". {"route":"GET_api_v1_subjects","route_parameters":{"_controller":"subjects.controller:getAll","_route":"GET_api_v1_subjects"},"request_uri":"http://vestapp.000webhostapp.com/api/v1/subjects","method":"GET"} []
[2018-01-02 17:50:46] application.DEBUG: > GET /api/v1/subjects [] []
[2018-01-02 17:50:47] application.DEBUG: < 200 [] []
[2018-01-02 17:50:50] application.INFO: Matched route "{route}". {"route":"GET_api_v1_subjects","route_parameters":{"_controller":"subjects.controller:getAll","_route":"GET_api_v1_subjects"},"request_uri":"http://vestapp.000webhostapp.com/api/v1/subjects","method":"GET"} []
[2018-01-02 17:50:50] application.DEBUG: > GET /api/v1/subjects [] []
[2018-01-02 17:50:51] application.DEBUG: < 200 [] []
[2018-01-02 17:50:53] application.INFO: Matched route "{route}". {"route":"GET_api_v1_subjects","route_parameters":{"_controller":"subjects.controller:getAll","_route":"GET_api_v1_subjects"},"request_uri":"http://vestapp.000webhostapp.com/api/v1/subjects","method":"GET"} []
[2018-01-02 17:50:53] application.DEBUG: > GET /api/v1/subjects [] []
[2018-01-02 17:50:54] application.DEBUG: < 200 [] []
[2018-01-02 17:50:57] application.INFO: Matched route "{route}". {"route":"GET_api_v1_subjects","route_parameters":{"_controller":"subjects.controller:getAll","_route":"GET_api_v1_subjects"},"request_uri":"http://vestapp.000webhostapp.com/api/v1/subjects","method":"GET"} []
[2018-01-02 17:50:57] application.DEBUG: > GET /api/v1/subjects [] []
[2018-01-02 17:50:57] application.DEBUG: < 200 [] []
[2018-01-02 17:56:04] application.INFO: Matched route "{route}". {"route":"GET_api_v1_subjects","route_parameters":{"_controller":"subjects.controller:getAll","_route":"GET_api_v1_subjects"},"request_uri":"http://vestapp.000webhostapp.com/api/v1/subjects","method":"GET"} []
[2018-01-02 17:56:04] application.DEBUG: > GET /api/v1/subjects [] []
[2018-01-02 17:56:04] application.DEBUG: < 200 [] []
[2018-01-02 17:56:07] application.INFO: Matched route "{route}". {"route":"GET_api_v1_topics","route_parameters":{"_controller":"topics.controller:getAll","_route":"GET_api_v1_topics"},"request_uri":"http://vestapp.000webhostapp.com/api/v1/topics","method":"GET"} []
[2018-01-02 17:56:07] application.DEBUG: > GET /api/v1/topics [] []
[2018-01-02 17:56:07] application.DEBUG: < 200 [] []
[2018-01-02 17:56:14] application.INFO: Matched route "{route}". {"route":"GET_api_v1_topics","route_parameters":{"_controller":"topics.controller:getAll","_route":"GET_api_v1_topics"},"request_uri":"http://vestapp.000webhostapp.com/api/v1/topics","method":"GET"} []
[2018-01-02 17:56:14] application.DEBUG: > GET /api/v1/topics [] []
[2018-01-02 17:56:14] application.DEBUG: < 200 [] []
[2018-01-02 18:04:27] application.INFO: Matched route "{route}". {"route":"GET_api_v1_subjects","route_parameters":{"_controller":"subjects.controller:getAll","_route":"GET_api_v1_subjects"},"request_uri":"http://vestapp.000webhostapp.com/api/v1/subjects","method":"GET"} []
[2018-01-02 18:04:27] application.DEBUG: > GET /api/v1/subjects [] []
[2018-01-02 18:04:27] application.DEBUG: < 200 [] []
[2018-01-02 18:04:45] application.INFO: Matched route "{route}". {"route":"GET_api_v1_topics","route_parameters":{"_controller":"topics.controller:getAll","_route":"GET_api_v1_topics"},"request_uri":"http://vestapp.000webhostapp.com/api/v1/topics","method":"GET"} []
[2018-01-02 18:04:45] application.DEBUG: > GET /api/v1/topics [] []
[2018-01-02 18:04:46] application.DEBUG: < 200 [] []
[2018-01-02 18:04:57] application.INFO: Matched route "{route}". {"route":"GET_api_v1_topics","route_parameters":{"_controller":"topics.controller:getAll","_route":"GET_api_v1_topics"},"request_uri":"http://vestapp.000webhostapp.com/api/v1/topics","method":"GET"} []
[2018-01-02 18:04:57] application.DEBUG: > GET /api/v1/topics [] []
[2018-01-02 18:04:57] application.DEBUG: < 200 [] []
[2018-01-02 18:05:19] application.INFO: Matched route "{route}". {"route":"GET_api_v1_topics","route_parameters":{"_controller":"topics.controller:getAll","_route":"GET_api_v1_topics"},"request_uri":"http://vestapp.000webhostapp.com/api/v1/topics","method":"GET"} []
[2018-01-02 18:05:19] application.DEBUG: > GET /api/v1/topics [] []
[2018-01-02 18:05:19] application.DEBUG: < 200 [] []
[2018-01-02 18:05:23] application.INFO: Matched route "{route}". {"route":"GET_api_v1_subjects","route_parameters":{"_controller":"subjects.controller:getAll","_route":"GET_api_v1_subjects"},"request_uri":"http://vestapp.000webhostapp.com/api/v1/subjects","method":"GET"} []
[2018-01-02 18:05:23] application.DEBUG: > GET /api/v1/subjects [] []
[2018-01-02 18:05:24] application.DEBUG: < 200 [] []
[2018-01-02 18:19:47] application.INFO: Matched route "{route}". {"route":"GET_api_v1_subjects","route_parameters":{"_controller":"subjects.controller:getAll","_route":"GET_api_v1_subjects"},"request_uri":"http://vestapp.000webhostapp.com/api/v1/subjects","method":"GET"} []
[2018-01-02 18:19:47] application.DEBUG: > GET /api/v1/subjects [] []
[2018-01-02 18:19:47] application.DEBUG: < 200 [] []
[2018-01-02 18:19:49] application.INFO: Matched route "{route}". {"route":"GET_api_v1_topics","route_parameters":{"_controller":"topics.controller:getAll","_route":"GET_api_v1_topics"},"request_uri":"http://vestapp.000webhostapp.com/api/v1/topics","method":"GET"} []
[2018-01-02 18:19:49] application.DEBUG: > GET /api/v1/topics [] []
[2018-01-02 18:19:49] application.DEBUG: < 200 [] []
[2018-01-02 18:27:36] application.INFO: Matched route "{route}". {"route":"GET_api_v1_subjects","route_parameters":{"_controller":"subjects.controller:getAll","_route":"GET_api_v1_subjects"},"request_uri":"http://vestapp.000webhostapp.com/api/v1/subjects","method":"GET"} []
[2018-01-02 18:27:36] application.DEBUG: > GET /api/v1/subjects [] []
[2018-01-02 18:27:36] application.DEBUG: < 200 [] []
[2018-01-02 18:27:39] application.INFO: Matched route "{route}". {"route":"GET_api_v1_topics","route_parameters":{"_controller":"topics.controller:getAll","_route":"GET_api_v1_topics"},"request_uri":"http://vestapp.000webhostapp.com/api/v1/topics","method":"GET"} []
[2018-01-02 18:27:39] application.DEBUG: > GET /api/v1/topics [] []
[2018-01-02 18:27:39] application.DEBUG: < 200 [] []
[2018-01-02 18:27:46] application.INFO: Matched route "{route}". {"route":"GET_api_v1_topics","route_parameters":{"_controller":"topics.controller:getAll","_route":"GET_api_v1_topics"},"request_uri":"http://vestapp.000webhostapp.com/api/v1/topics","method":"GET"} []
[2018-01-02 18:27:46] application.DEBUG: > GET /api/v1/topics [] []
[2018-01-02 18:27:47] application.DEBUG: < 200 [] []
[2018-01-02 18:28:17] application.INFO: Matched route "{route}". {"route":"GET_api_v1_topics","route_parameters":{"_controller":"topics.controller:getAll","_route":"GET_api_v1_topics"},"request_uri":"http://vestapp.000webhostapp.com/api/v1/topics","method":"GET"} []
[2018-01-02 18:28:17] application.DEBUG: > GET /api/v1/topics [] []
[2018-01-02 18:28:17] application.DEBUG: < 200 [] []
[2018-01-02 18:28:29] application.INFO: Matched route "{route}". {"route":"GET_api_v1_topics","route_parameters":{"_controller":"topics.controller:getAll","_route":"GET_api_v1_topics"},"request_uri":"http://vestapp.000webhostapp.com/api/v1/topics","method":"GET"} []
[2018-01-02 18:28:29] application.DEBUG: > GET /api/v1/topics [] []
[2018-01-02 18:28:30] application.DEBUG: < 200 [] []
[2018-01-02 18:28:38] application.INFO: Matched route "{route}". {"route":"GET_api_v1_topics","route_parameters":{"_controller":"topics.controller:getAll","_route":"GET_api_v1_topics"},"request_uri":"http://vestapp.000webhostapp.com/api/v1/topics","method":"GET"} []
[2018-01-02 18:28:38] application.DEBUG: > GET /api/v1/topics [] []
[2018-01-02 18:28:38] application.DEBUG: < 200 [] []
[2018-01-02 18:28:41] application.INFO: Matched route "{route}". {"route":"GET_api_v1_topics","route_parameters":{"_controller":"topics.controller:getAll","_route":"GET_api_v1_topics"},"request_uri":"http://vestapp.000webhostapp.com/api/v1/topics","method":"GET"} []
[2018-01-02 18:28:41] application.DEBUG: > GET /api/v1/topics [] []
[2018-01-02 18:28:41] application.DEBUG: < 200 [] []
[2018-01-02 18:28:47] application.INFO: Matched route "{route}". {"route":"GET_api_v1_topics","route_parameters":{"_controller":"topics.controller:getAll","_route":"GET_api_v1_topics"},"request_uri":"http://vestapp.000webhostapp.com/api/v1/topics","method":"GET"} []
[2018-01-02 18:28:47] application.DEBUG: > GET /api/v1/topics [] []
[2018-01-02 18:28:47] application.DEBUG: < 200 [] []
[2018-01-02 18:31:00] application.INFO: Matched route "{route}". {"route":"GET_api_v1_topics","route_parameters":{"_controller":"topics.controller:getAll","_route":"GET_api_v1_topics"},"request_uri":"http://vestapp.000webhostapp.com/api/v1/topics","method":"GET"} []
[2018-01-02 18:31:00] application.DEBUG: > GET /api/v1/topics [] []
[2018-01-02 18:31:01] application.DEBUG: < 200 [] []
[2018-01-02 18:31:10] application.INFO: Matched route "{route}". {"route":"GET_api_v1_topics","route_parameters":{"_controller":"topics.controller:getAll","_route":"GET_api_v1_topics"},"request_uri":"http://vestapp.000webhostapp.com/api/v1/topics","method":"GET"} []
[2018-01-02 18:31:10] application.DEBUG: > GET /api/v1/topics [] []
[2018-01-02 18:31:11] application.DEBUG: < 200 [] []
[2018-01-02 18:36:17] application.INFO: Matched route "{route}". {"route":"GET_api_v1_subjects","route_parameters":{"_controller":"subjects.controller:getAll","_route":"GET_api_v1_subjects"},"request_uri":"http://vestapp.000webhostapp.com/api/v1/subjects","method":"GET"} []
[2018-01-02 18:36:17] application.DEBUG: > GET /api/v1/subjects [] []
[2018-01-02 18:36:17] application.DEBUG: < 200 [] []
[2018-01-02 18:36:25] application.INFO: Matched route "{route}". {"route":"GET_api_v1_topics","route_parameters":{"_controller":"topics.controller:getAll","_route":"GET_api_v1_topics"},"request_uri":"http://vestapp.000webhostapp.com/api/v1/topics","method":"GET"} []
[2018-01-02 18:36:25] application.DEBUG: > GET /api/v1/topics [] []
[2018-01-02 18:36:25] application.DEBUG: < 200 [] []
[2018-01-02 18:36:38] application.INFO: Matched route "{route}". {"route":"GET_api_v1_topics","route_parameters":{"_controller":"topics.controller:getAll","_route":"GET_api_v1_topics"},"request_uri":"http://vestapp.000webhostapp.com/api/v1/topics","method":"GET"} []
[2018-01-02 18:36:38] application.DEBUG: > GET /api/v1/topics [] []
[2018-01-02 18:36:38] application.DEBUG: < 200 [] []
[2018-01-02 18:38:23] application.INFO: Matched route "{route}". {"route":"GET_api_v1_subjects","route_parameters":{"_controller":"subjects.controller:getAll","_route":"GET_api_v1_subjects"},"request_uri":"http://vestapp.000webhostapp.com/api/v1/subjects","method":"GET"} []
[2018-01-02 18:38:23] application.DEBUG: > GET /api/v1/subjects [] []
[2018-01-02 18:38:23] application.DEBUG: < 200 [] []
[2018-01-02 18:41:27] application.INFO: Matched route "{route}". {"route":"GET_api_v1_subjects","route_parameters":{"_controller":"subjects.controller:getAll","_route":"GET_api_v1_subjects"},"request_uri":"http://vestapp.000webhostapp.com/api/v1/subjects","method":"GET"} []
[2018-01-02 18:41:27] application.DEBUG: > GET /api/v1/subjects [] []
[2018-01-02 18:41:27] application.DEBUG: < 200 [] []
[2018-01-02 18:41:32] application.INFO: Matched route "{route}". {"route":"GET_api_v1_topics","route_parameters":{"_controller":"topics.controller:getAll","_route":"GET_api_v1_topics"},"request_uri":"http://vestapp.000webhostapp.com/api/v1/topics","method":"GET"} []
[2018-01-02 18:41:32] application.DEBUG: > GET /api/v1/topics [] []
[2018-01-02 18:41:32] application.DEBUG: < 200 [] []
[2018-01-02 18:41:39] application.INFO: Matched route "{route}". {"route":"GET_api_v1_topics","route_parameters":{"_controller":"topics.controller:getAll","_route":"GET_api_v1_topics"},"request_uri":"http://vestapp.000webhostapp.com/api/v1/topics","method":"GET"} []
[2018-01-02 18:41:39] application.DEBUG: > GET /api/v1/topics [] []
[2018-01-02 18:41:40] application.DEBUG: < 200 [] []
[2018-01-02 18:43:56] application.INFO: Matched route "{route}". {"route":"GET_api_v1_subjects","route_parameters":{"_controller":"subjects.controller:getAll","_route":"GET_api_v1_subjects"},"request_uri":"http://vestapp.000webhostapp.com/api/v1/subjects","method":"GET"} []
[2018-01-02 18:43:56] application.DEBUG: > GET /api/v1/subjects [] []
[2018-01-02 18:43:56] application.DEBUG: < 200 [] []
[2018-01-02 18:43:58] application.INFO: Matched route "{route}". {"route":"GET_api_v1_topics","route_parameters":{"_controller":"topics.controller:getAll","_route":"GET_api_v1_topics"},"request_uri":"http://vestapp.000webhostapp.com/api/v1/topics","method":"GET"} []
[2018-01-02 18:43:58] application.DEBUG: > GET /api/v1/topics [] []
[2018-01-02 18:43:58] application.DEBUG: < 200 [] []
[2018-01-02 18:47:57] application.INFO: Matched route "{route}". {"route":"GET_api_v1_topics","route_parameters":{"_controller":"topics.controller:getAll","_route":"GET_api_v1_topics"},"request_uri":"http://vestapp.000webhostapp.com/api/v1/topics","method":"GET"} []
[2018-01-02 18:47:57] application.DEBUG: > GET /api/v1/topics [] []
[2018-01-02 18:47:57] application.DEBUG: < 200 [] []
[2018-01-02 18:48:20] application.INFO: Matched route "{route}". {"route":"GET_api_v1_topics","route_parameters":{"_controller":"topics.controller:getAll","_route":"GET_api_v1_topics"},"request_uri":"http://vestapp.000webhostapp.com/api/v1/topics","method":"GET"} []
[2018-01-02 18:48:20] application.DEBUG: > GET /api/v1/topics [] []
[2018-01-02 18:48:20] application.DEBUG: < 200 [] []
[2018-01-02 18:48:34] application.INFO: Matched route "{route}". {"route":"GET_api_v1_topics","route_parameters":{"_controller":"topics.controller:getAll","_route":"GET_api_v1_topics"},"request_uri":"http://vestapp.000webhostapp.com/api/v1/topics","method":"GET"} []
[2018-01-02 18:48:34] application.DEBUG: > GET /api/v1/topics [] []
[2018-01-02 18:48:34] application.DEBUG: < 200 [] []
[2018-01-02 18:50:38] application.INFO: Matched route "{route}". {"route":"GET_api_v1_subjects","route_parameters":{"_controller":"subjects.controller:getAll","_route":"GET_api_v1_subjects"},"request_uri":"http://vestapp.000webhostapp.com/api/v1/subjects","method":"GET"} []
[2018-01-02 18:50:38] application.DEBUG: > GET /api/v1/subjects [] []
[2018-01-02 18:50:38] application.DEBUG: < 200 [] []
[2018-01-02 18:50:39] application.INFO: Matched route "{route}". {"route":"GET_api_v1_topics","route_parameters":{"_controller":"topics.controller:getAll","_route":"GET_api_v1_topics"},"request_uri":"http://vestapp.000webhostapp.com/api/v1/topics","method":"GET"} []
[2018-01-02 18:50:39] application.DEBUG: > GET /api/v1/topics [] []
[2018-01-02 18:50:39] application.DEBUG: < 200 [] []
[2018-01-02 18:53:21] application.INFO: Matched route "{route}". {"route":"GET_api_v1_subjects","route_parameters":{"_controller":"subjects.controller:getAll","_route":"GET_api_v1_subjects"},"request_uri":"http://vestapp.000webhostapp.com/api/v1/subjects","method":"GET"} []
[2018-01-02 18:53:21] application.DEBUG: > GET /api/v1/subjects [] []
[2018-01-02 18:53:21] application.DEBUG: < 200 [] []
[2018-01-02 18:53:22] application.INFO: Matched route "{route}". {"route":"GET_api_v1_topics","route_parameters":{"_controller":"topics.controller:getAll","_route":"GET_api_v1_topics"},"request_uri":"http://vestapp.000webhostapp.com/api/v1/topics","method":"GET"} []
[2018-01-02 18:53:22] application.DEBUG: > GET /api/v1/topics [] []
[2018-01-02 18:53:22] application.DEBUG: < 200 [] []
[2018-01-02 18:55:34] application.INFO: Matched route "{route}". {"route":"GET_api_v1_subjects","route_parameters":{"_controller":"subjects.controller:getAll","_route":"GET_api_v1_subjects"},"request_uri":"http://vestapp.000webhostapp.com/api/v1/subjects","method":"GET"} []
[2018-01-02 18:55:34] application.DEBUG: > GET /api/v1/subjects [] []
[2018-01-02 18:55:35] application.DEBUG: < 200 [] []
[2018-01-02 18:55:36] application.INFO: Matched route "{route}". {"route":"GET_api_v1_topics","route_parameters":{"_controller":"topics.controller:getAll","_route":"GET_api_v1_topics"},"request_uri":"http://vestapp.000webhostapp.com/api/v1/topics","method":"GET"} []
[2018-01-02 18:55:36] application.DEBUG: > GET /api/v1/topics [] []
[2018-01-02 18:55:36] application.DEBUG: < 200 [] []
[2018-01-02 18:56:37] application.INFO: Matched route "{route}". {"route":"GET_api_v1_subjects","route_parameters":{"_controller":"subjects.controller:getAll","_route":"GET_api_v1_subjects"},"request_uri":"http://vestapp.000webhostapp.com/api/v1/subjects","method":"GET"} []
[2018-01-02 18:56:37] application.DEBUG: > GET /api/v1/subjects [] []
[2018-01-02 18:56:37] application.DEBUG: < 200 [] []
[2018-01-02 18:56:38] application.INFO: Matched route "{route}". {"route":"GET_api_v1_topics","route_parameters":{"_controller":"topics.controller:getAll","_route":"GET_api_v1_topics"},"request_uri":"http://vestapp.000webhostapp.com/api/v1/topics","method":"GET"} []
[2018-01-02 18:56:38] application.DEBUG: > GET /api/v1/topics [] []
[2018-01-02 18:56:39] application.DEBUG: < 200 [] []
[2018-01-02 18:57:11] application.INFO: Matched route "{route}". {"route":"GET_api_v1_subjects","route_parameters":{"_controller":"subjects.controller:getAll","_route":"GET_api_v1_subjects"},"request_uri":"http://vestapp.000webhostapp.com/api/v1/subjects","method":"GET"} []
[2018-01-02 18:57:11] application.DEBUG: > GET /api/v1/subjects [] []
[2018-01-02 18:57:11] application.DEBUG: < 200 [] []
[2018-01-02 18:57:12] application.INFO: Matched route "{route}". {"route":"GET_api_v1_topics","route_parameters":{"_controller":"topics.controller:getAll","_route":"GET_api_v1_topics"},"request_uri":"http://vestapp.000webhostapp.com/api/v1/topics","method":"GET"} []
[2018-01-02 18:57:12] application.DEBUG: > GET /api/v1/topics [] []
[2018-01-02 18:57:12] application.DEBUG: < 200 [] []
[2018-01-02 18:58:18] application.INFO: Matched route "{route}". {"route":"GET_api_v1_subjects","route_parameters":{"_controller":"subjects.controller:getAll","_route":"GET_api_v1_subjects"},"request_uri":"http://vestapp.000webhostapp.com/api/v1/subjects","method":"GET"} []
[2018-01-02 18:58:18] application.DEBUG: > GET /api/v1/subjects [] []
[2018-01-02 18:58:19] application.DEBUG: < 200 [] []
[2018-01-02 18:58:21] application.INFO: Matched route "{route}". {"route":"GET_api_v1_topics","route_parameters":{"_controller":"topics.controller:getAll","_route":"GET_api_v1_topics"},"request_uri":"http://vestapp.000webhostapp.com/api/v1/topics","method":"GET"} []
[2018-01-02 18:58:21] application.DEBUG: > GET /api/v1/topics [] []
[2018-01-02 18:58:21] application.DEBUG: < 200 [] []
[2018-01-02 19:01:01] application.INFO: Matched route "{route}". {"route":"GET_api_v1_subjects","route_parameters":{"_controller":"subjects.controller:getAll","_route":"GET_api_v1_subjects"},"request_uri":"http://vestapp.000webhostapp.com/api/v1/subjects","method":"GET"} []
[2018-01-02 19:01:01] application.DEBUG: > GET /api/v1/subjects [] []
[2018-01-02 19:01:02] application.DEBUG: < 200 [] []
[2018-01-02 19:01:04] application.INFO: Matched route "{route}". {"route":"GET_api_v1_topics","route_parameters":{"_controller":"topics.controller:getAll","_route":"GET_api_v1_topics"},"request_uri":"http://vestapp.000webhostapp.com/api/v1/topics","method":"GET"} []
[2018-01-02 19:01:04] application.DEBUG: > GET /api/v1/topics [] []
[2018-01-02 19:01:04] application.DEBUG: < 200 [] []
[2018-01-02 19:01:32] application.INFO: Matched route "{route}". {"route":"GET_api_v1_topics","route_parameters":{"_controller":"topics.controller:getAll","_route":"GET_api_v1_topics"},"request_uri":"http://vestapp.000webhostapp.com/api/v1/topics","method":"GET"} []
[2018-01-02 19:01:32] application.DEBUG: > GET /api/v1/topics [] []
[2018-01-02 19:01:32] application.DEBUG: < 200 [] []
[2018-01-02 19:01:36] application.INFO: Matched route "{route}". {"route":"GET_api_v1_topics","route_parameters":{"_controller":"topics.controller:getAll","_route":"GET_api_v1_topics"},"request_uri":"http://vestapp.000webhostapp.com/api/v1/topics","method":"GET"} []
[2018-01-02 19:01:36] application.DEBUG: > GET /api/v1/topics [] []
[2018-01-02 19:01:36] application.DEBUG: < 200 [] []
[2018-01-02 19:01:39] application.INFO: Matched route "{route}". {"route":"GET_api_v1_topics","route_parameters":{"_controller":"topics.controller:getAll","_route":"GET_api_v1_topics"},"request_uri":"http://vestapp.000webhostapp.com/api/v1/topics","method":"GET"} []
[2018-01-02 19:01:39] application.DEBUG: > GET /api/v1/topics [] []
[2018-01-02 19:01:39] application.DEBUG: < 200 [] []
[2018-01-02 19:01:43] application.INFO: Matched route "{route}". {"route":"GET_api_v1_topics","route_parameters":{"_controller":"topics.controller:getAll","_route":"GET_api_v1_topics"},"request_uri":"http://vestapp.000webhostapp.com/api/v1/topics","method":"GET"} []
[2018-01-02 19:01:43] application.DEBUG: > GET /api/v1/topics [] []
[2018-01-02 19:01:43] application.DEBUG: < 200 [] []
[2018-01-02 19:01:53] application.INFO: Matched route "{route}". {"route":"GET_api_v1_topics","route_parameters":{"_controller":"topics.controller:getAll","_route":"GET_api_v1_topics"},"request_uri":"http://vestapp.000webhostapp.com/api/v1/topics","method":"GET"} []
[2018-01-02 19:01:53] application.DEBUG: > GET /api/v1/topics [] []
[2018-01-02 19:01:53] application.DEBUG: < 200 [] []
[2018-01-02 19:05:43] application.INFO: Matched route "{route}". {"route":"GET_api_v1_subjects","route_parameters":{"_controller":"subjects.controller:getAll","_route":"GET_api_v1_subjects"},"request_uri":"http://vestapp.000webhostapp.com/api/v1/subjects","method":"GET"} []
[2018-01-02 19:05:43] application.DEBUG: > GET /api/v1/subjects [] []
[2018-01-02 19:05:43] application.DEBUG: < 200 [] []
[2018-01-02 19:05:46] application.INFO: Matched route "{route}". {"route":"GET_api_v1_topics","route_parameters":{"_controller":"topics.controller:getAll","_route":"GET_api_v1_topics"},"request_uri":"http://vestapp.000webhostapp.com/api/v1/topics","method":"GET"} []
[2018-01-02 19:05:46] application.DEBUG: > GET /api/v1/topics [] []
[2018-01-02 19:05:46] application.DEBUG: < 200 [] []
[2018-01-02 19:05:52] application.INFO: Matched route "{route}". {"route":"GET_api_v1_topics","route_parameters":{"_controller":"topics.controller:getAll","_route":"GET_api_v1_topics"},"request_uri":"http://vestapp.000webhostapp.com/api/v1/topics","method":"GET"} []
[2018-01-02 19:05:52] application.DEBUG: > GET /api/v1/topics [] []
[2018-01-02 19:05:52] application.DEBUG: < 200 [] []
[2018-01-02 19:06:03] application.INFO: Matched route "{route}". {"route":"GET_api_v1_topics","route_parameters":{"_controller":"topics.controller:getAll","_route":"GET_api_v1_topics"},"request_uri":"http://vestapp.000webhostapp.com/api/v1/topics","method":"GET"} []
[2018-01-02 19:06:03] application.DEBUG: > GET /api/v1/topics [] []
[2018-01-02 19:06:03] application.DEBUG: < 200 [] []
[2018-01-02 19:06:38] application.INFO: Matched route "{route}". {"route":"GET_api_v1_subjects","route_parameters":{"_controller":"subjects.controller:getAll","_route":"GET_api_v1_subjects"},"request_uri":"http://vestapp.000webhostapp.com/api/v1/subjects","method":"GET"} []
[2018-01-02 19:06:38] application.DEBUG: > GET /api/v1/subjects [] []
[2018-01-02 19:06:38] application.DEBUG: < 200 [] []
[2018-01-02 19:06:42] application.INFO: Matched route "{route}". {"route":"GET_api_v1_topics","route_parameters":{"_controller":"topics.controller:getAll","_route":"GET_api_v1_topics"},"request_uri":"http://vestapp.000webhostapp.com/api/v1/topics","method":"GET"} []
[2018-01-02 19:06:42] application.DEBUG: > GET /api/v1/topics [] []
[2018-01-02 19:06:42] application.DEBUG: < 200 [] []
[2018-01-02 19:07:06] application.INFO: Matched route "{route}". {"route":"GET_api_v1_topics","route_parameters":{"_controller":"topics.controller:getAll","_route":"GET_api_v1_topics"},"request_uri":"http://vestapp.000webhostapp.com/api/v1/topics","method":"GET"} []
[2018-01-02 19:07:06] application.DEBUG: > GET /api/v1/topics [] []
[2018-01-02 19:07:06] application.DEBUG: < 200 [] []
[2018-01-02 19:09:05] application.INFO: Matched route "{route}". {"route":"GET_api_v1_subjects","route_parameters":{"_controller":"subjects.controller:getAll","_route":"GET_api_v1_subjects"},"request_uri":"http://vestapp.000webhostapp.com/api/v1/subjects","method":"GET"} []
[2018-01-02 19:09:05] application.DEBUG: > GET /api/v1/subjects [] []
[2018-01-02 19:09:05] application.DEBUG: < 200 [] []
[2018-01-02 19:09:07] application.INFO: Matched route "{route}". {"route":"GET_api_v1_topics","route_parameters":{"_controller":"topics.controller:getAll","_route":"GET_api_v1_topics"},"request_uri":"http://vestapp.000webhostapp.com/api/v1/topics","method":"GET"} []
[2018-01-02 19:09:07] application.DEBUG: > GET /api/v1/topics [] []
[2018-01-02 19:09:07] application.DEBUG: < 200 [] []
[2018-01-02 19:09:27] application.INFO: Matched route "{route}". {"route":"GET_api_v1_topics","route_parameters":{"_controller":"topics.controller:getAll","_route":"GET_api_v1_topics"},"request_uri":"http://vestapp.000webhostapp.com/api/v1/topics","method":"GET"} []
[2018-01-02 19:09:27] application.DEBUG: > GET /api/v1/topics [] []
[2018-01-02 19:09:27] application.DEBUG: < 200 [] []
[2018-01-02 19:09:36] application.INFO: Matched route "{route}". {"route":"GET_api_v1_topics","route_parameters":{"_controller":"topics.controller:getAll","_route":"GET_api_v1_topics"},"request_uri":"http://vestapp.000webhostapp.com/api/v1/topics","method":"GET"} []
[2018-01-02 19:09:36] application.DEBUG: > GET /api/v1/topics [] []
[2018-01-02 19:09:36] application.DEBUG: < 200 [] []
[2018-01-02 19:12:47] application.INFO: Matched route "{route}". {"route":"GET_api_v1_subjects","route_parameters":{"_controller":"subjects.controller:getAll","_route":"GET_api_v1_subjects"},"request_uri":"http://vestapp.000webhostapp.com/api/v1/subjects","method":"GET"} []
[2018-01-02 19:12:47] application.DEBUG: > GET /api/v1/subjects [] []
[2018-01-02 19:12:47] application.DEBUG: < 200 [] []
[2018-01-02 19:12:49] application.INFO: Matched route "{route}". {"route":"GET_api_v1_topics","route_parameters":{"_controller":"topics.controller:getAll","_route":"GET_api_v1_topics"},"request_uri":"http://vestapp.000webhostapp.com/api/v1/topics","method":"GET"} []
[2018-01-02 19:12:49] application.DEBUG: > GET /api/v1/topics [] []
[2018-01-02 19:12:50] application.DEBUG: < 200 [] []
[2018-01-02 19:13:48] application.INFO: Matched route "{route}". {"route":"GET_api_v1_topics","route_parameters":{"_controller":"topics.controller:getAll","_route":"GET_api_v1_topics"},"request_uri":"http://vestapp.000webhostapp.com/api/v1/topics","method":"GET"} []
[2018-01-02 19:13:48] application.DEBUG: > GET /api/v1/topics [] []
[2018-01-02 19:13:48] application.DEBUG: < 200 [] []
[2018-01-02 19:30:27] application.INFO: Matched route "{route}". {"route":"GET_api_v1_topics","route_parameters":{"_controller":"topics.controller:getAll","_route":"GET_api_v1_topics"},"request_uri":"http://vestapp.000webhostapp.com/api/v1/topics","method":"GET"} []
[2018-01-02 19:30:27] application.DEBUG: > GET /api/v1/topics [] []
[2018-01-02 19:30:27] application.DEBUG: < 200 [] []
[2018-01-02 19:31:24] application.INFO: Matched route "{route}". {"route":"GET_api_v1_topics","route_parameters":{"_controller":"topics.controller:getAll","_route":"GET_api_v1_topics"},"request_uri":"http://vestapp.000webhostapp.com/api/v1/topics","method":"GET"} []
[2018-01-02 19:31:24] application.DEBUG: > GET /api/v1/topics [] []
[2018-01-02 19:31:24] application.DEBUG: < 200 [] []
[2018-01-02 19:34:16] application.INFO: Matched route "{route}". {"route":"GET_api_v1_subjects","route_parameters":{"_controller":"subjects.controller:getAll","_route":"GET_api_v1_subjects"},"request_uri":"http://vestapp.000webhostapp.com/api/v1/subjects","method":"GET"} []
[2018-01-02 19:34:16] application.DEBUG: > GET /api/v1/subjects [] []
[2018-01-02 19:34:16] application.DEBUG: < 200 [] []
[2018-01-02 19:34:17] application.INFO: Matched route "{route}". {"route":"GET_api_v1_topics","route_parameters":{"_controller":"topics.controller:getAll","_route":"GET_api_v1_topics"},"request_uri":"http://vestapp.000webhostapp.com/api/v1/topics","method":"GET"} []
[2018-01-02 19:34:17] application.DEBUG: > GET /api/v1/topics [] []
[2018-01-02 19:34:17] application.DEBUG: < 200 [] []
[2018-01-02 19:34:24] application.INFO: Matched route "{route}". {"route":"GET_api_v1_topics","route_parameters":{"_controller":"topics.controller:getAll","_route":"GET_api_v1_topics"},"request_uri":"http://vestapp.000webhostapp.com/api/v1/topics","method":"GET"} []
[2018-01-02 19:34:24] application.DEBUG: > GET /api/v1/topics [] []
[2018-01-02 19:34:24] application.DEBUG: < 200 [] []
[2018-01-02 19:34:27] application.INFO: Matched route "{route}". {"route":"GET_api_v1_topics","route_parameters":{"_controller":"topics.controller:getAll","_route":"GET_api_v1_topics"},"request_uri":"http://vestapp.000webhostapp.com/api/v1/topics","method":"GET"} []
[2018-01-02 19:34:27] application.DEBUG: > GET /api/v1/topics [] []
[2018-01-02 19:34:27] application.DEBUG: < 200 [] []
[2018-01-02 19:34:31] application.INFO: Matched route "{route}". {"route":"GET_api_v1_topics","route_parameters":{"_controller":"topics.controller:getAll","_route":"GET_api_v1_topics"},"request_uri":"http://vestapp.000webhostapp.com/api/v1/topics","method":"GET"} []
[2018-01-02 19:34:31] application.DEBUG: > GET /api/v1/topics [] []
[2018-01-02 19:34:31] application.DEBUG: < 200 [] []
[2018-01-02 19:34:34] application.INFO: Matched route "{route}". {"route":"GET_api_v1_topics","route_parameters":{"_controller":"topics.controller:getAll","_route":"GET_api_v1_topics"},"request_uri":"http://vestapp.000webhostapp.com/api/v1/topics","method":"GET"} []
[2018-01-02 19:34:34] application.DEBUG: > GET /api/v1/topics [] []
[2018-01-02 19:34:34] application.DEBUG: < 200 [] []
[2018-01-02 19:37:10] application.INFO: Matched route "{route}". {"route":"GET_api_v1_subjects","route_parameters":{"_controller":"subjects.controller:getAll","_route":"GET_api_v1_subjects"},"request_uri":"http://vestapp.000webhostapp.com/api/v1/subjects","method":"GET"} []
[2018-01-02 19:37:10] application.DEBUG: > GET /api/v1/subjects [] []
[2018-01-02 19:37:10] application.DEBUG: < 200 [] []
[2018-01-02 19:37:11] application.INFO: Matched route "{route}". {"route":"GET_api_v1_topics","route_parameters":{"_controller":"topics.controller:getAll","_route":"GET_api_v1_topics"},"request_uri":"http://vestapp.000webhostapp.com/api/v1/topics","method":"GET"} []
[2018-01-02 19:37:11] application.DEBUG: > GET /api/v1/topics [] []
[2018-01-02 19:37:12] application.DEBUG: < 200 [] []
[2018-01-02 19:39:38] application.INFO: Matched route "{route}". {"route":"GET_api_v1_subjects","route_parameters":{"_controller":"subjects.controller:getAll","_route":"GET_api_v1_subjects"},"request_uri":"http://vestapp.000webhostapp.com/api/v1/subjects","method":"GET"} []
[2018-01-02 19:39:38] application.DEBUG: > GET /api/v1/subjects [] []
[2018-01-02 19:39:38] application.DEBUG: < 200 [] []
[2018-01-02 19:39:52] application.INFO: Matched route "{route}". {"route":"GET_api_v1_topics","route_parameters":{"_controller":"topics.controller:getAll","_route":"GET_api_v1_topics"},"request_uri":"http://vestapp.000webhostapp.com/api/v1/topics","method":"GET"} []
[2018-01-02 19:39:52] application.DEBUG: > GET /api/v1/topics [] []
[2018-01-02 19:39:52] application.DEBUG: < 200 [] []
[2018-01-02 19:42:26] application.INFO: Matched route "{route}". {"route":"GET_api_v1_subjects","route_parameters":{"_controller":"subjects.controller:getAll","_route":"GET_api_v1_subjects"},"request_uri":"http://vestapp.000webhostapp.com/api/v1/subjects","method":"GET"} []
[2018-01-02 19:42:26] application.DEBUG: > GET /api/v1/subjects [] []
[2018-01-02 19:42:26] application.DEBUG: < 200 [] []
[2018-01-02 19:42:28] application.INFO: Matched route "{route}". {"route":"GET_api_v1_topics","route_parameters":{"_controller":"topics.controller:getAll","_route":"GET_api_v1_topics"},"request_uri":"http://vestapp.000webhostapp.com/api/v1/topics","method":"GET"} []
[2018-01-02 19:42:28] application.DEBUG: > GET /api/v1/topics [] []
[2018-01-02 19:42:28] application.DEBUG: < 200 [] []
[2018-01-02 19:43:16] application.INFO: Matched route "{route}". {"route":"GET_api_v1_subjects","route_parameters":{"_controller":"subjects.controller:getAll","_route":"GET_api_v1_subjects"},"request_uri":"http://vestapp.000webhostapp.com/api/v1/subjects","method":"GET"} []
[2018-01-02 19:43:16] application.DEBUG: > GET /api/v1/subjects [] []
[2018-01-02 19:43:16] application.DEBUG: < 200 [] []
[2018-01-02 19:43:18] application.INFO: Matched route "{route}". {"route":"GET_api_v1_topics","route_parameters":{"_controller":"topics.controller:getAll","_route":"GET_api_v1_topics"},"request_uri":"http://vestapp.000webhostapp.com/api/v1/topics","method":"GET"} []
[2018-01-02 19:43:18] application.DEBUG: > GET /api/v1/topics [] []
[2018-01-02 19:43:18] application.DEBUG: < 200 [] []
[2018-01-02 19:45:19] application.INFO: Matched route "{route}". {"route":"GET_api_v1_subjects","route_parameters":{"_controller":"subjects.controller:getAll","_route":"GET_api_v1_subjects"},"request_uri":"http://vestapp.000webhostapp.com/api/v1/subjects","method":"GET"} []
[2018-01-02 19:45:19] application.DEBUG: > GET /api/v1/subjects [] []
[2018-01-02 19:45:19] application.DEBUG: < 200 [] []
[2018-01-02 19:45:20] application.INFO: Matched route "{route}". {"route":"GET_api_v1_topics","route_parameters":{"_controller":"topics.controller:getAll","_route":"GET_api_v1_topics"},"request_uri":"http://vestapp.000webhostapp.com/api/v1/topics","method":"GET"} []
[2018-01-02 19:45:20] application.DEBUG: > GET /api/v1/topics [] []
[2018-01-02 19:45:20] application.DEBUG: < 200 [] []
[2018-01-02 19:45:57] application.INFO: Matched route "{route}". {"route":"GET_api_v1_topics","route_parameters":{"_controller":"topics.controller:getAll","_route":"GET_api_v1_topics"},"request_uri":"http://vestapp.000webhostapp.com/api/v1/topics","method":"GET"} []
[2018-01-02 19:45:57] application.DEBUG: > GET /api/v1/topics [] []
[2018-01-02 19:45:57] application.DEBUG: < 200 [] []
[2018-01-02 19:47:17] application.INFO: Matched route "{route}". {"route":"GET_api_v1_subjects","route_parameters":{"_controller":"subjects.controller:getAll","_route":"GET_api_v1_subjects"},"request_uri":"http://vestapp.000webhostapp.com/api/v1/subjects","method":"GET"} []
[2018-01-02 19:47:17] application.DEBUG: > GET /api/v1/subjects [] []
[2018-01-02 19:47:17] application.DEBUG: < 200 [] []
[2018-01-02 19:47:18] application.INFO: Matched route "{route}". {"route":"GET_api_v1_topics","route_parameters":{"_controller":"topics.controller:getAll","_route":"GET_api_v1_topics"},"request_uri":"http://vestapp.000webhostapp.com/api/v1/topics","method":"GET"} []
[2018-01-02 19:47:18] application.DEBUG: > GET /api/v1/topics [] []
[2018-01-02 19:47:18] application.DEBUG: < 200 [] []
[2018-01-02 19:47:24] application.INFO: Matched route "{route}". {"route":"GET_api_v1_topics","route_parameters":{"_controller":"topics.controller:getAll","_route":"GET_api_v1_topics"},"request_uri":"http://vestapp.000webhostapp.com/api/v1/topics","method":"GET"} []
[2018-01-02 19:47:24] application.DEBUG: > GET /api/v1/topics [] []
[2018-01-02 19:47:24] application.DEBUG: < 200 [] []
[2018-01-02 19:49:09] application.INFO: Matched route "{route}". {"route":"GET_api_v1_subjects","route_parameters":{"_controller":"subjects.controller:getAll","_route":"GET_api_v1_subjects"},"request_uri":"http://vestapp.000webhostapp.com/api/v1/subjects","method":"GET"} []
[2018-01-02 19:49:09] application.DEBUG: > GET /api/v1/subjects [] []
[2018-01-02 19:49:09] application.DEBUG: < 200 [] []
[2018-01-02 19:49:11] application.INFO: Matched route "{route}". {"route":"GET_api_v1_topics","route_parameters":{"_controller":"topics.controller:getAll","_route":"GET_api_v1_topics"},"request_uri":"http://vestapp.000webhostapp.com/api/v1/topics","method":"GET"} []
[2018-01-02 19:49:11] application.DEBUG: > GET /api/v1/topics [] []
[2018-01-02 19:49:11] application.DEBUG: < 200 [] []
[2018-01-02 19:49:23] application.INFO: Matched route "{route}". {"route":"GET_api_v1_topics","route_parameters":{"_controller":"topics.controller:getAll","_route":"GET_api_v1_topics"},"request_uri":"http://vestapp.000webhostapp.com/api/v1/topics","method":"GET"} []
[2018-01-02 19:49:23] application.DEBUG: > GET /api/v1/topics [] []
[2018-01-02 19:49:23] application.DEBUG: < 200 [] []
[2018-01-02 19:50:26] application.INFO: Matched route "{route}". {"route":"GET_api_v1_subjects","route_parameters":{"_controller":"subjects.controller:getAll","_route":"GET_api_v1_subjects"},"request_uri":"http://vestapp.000webhostapp.com/api/v1/subjects","method":"GET"} []
[2018-01-02 19:50:26] application.DEBUG: > GET /api/v1/subjects [] []
[2018-01-02 19:50:27] application.DEBUG: < 200 [] []
[2018-01-02 19:50:28] application.INFO: Matched route "{route}". {"route":"GET_api_v1_topics","route_parameters":{"_controller":"topics.controller:getAll","_route":"GET_api_v1_topics"},"request_uri":"http://vestapp.000webhostapp.com/api/v1/topics","method":"GET"} []
[2018-01-02 19:50:28] application.DEBUG: > GET /api/v1/topics [] []
[2018-01-02 19:50:29] application.DEBUG: < 200 [] []
[2018-01-02 19:50:39] application.INFO: Matched route "{route}". {"route":"GET_api_v1_topics","route_parameters":{"_controller":"topics.controller:getAll","_route":"GET_api_v1_topics"},"request_uri":"http://vestapp.000webhostapp.com/api/v1/topics","method":"GET"} []
[2018-01-02 19:50:39] application.DEBUG: > GET /api/v1/topics [] []
[2018-01-02 19:50:39] application.DEBUG: < 200 [] []
[2018-01-02 19:52:04] application.INFO: Matched route "{route}". {"route":"GET_api_v1_subjects","route_parameters":{"_controller":"subjects.controller:getAll","_route":"GET_api_v1_subjects"},"request_uri":"http://vestapp.000webhostapp.com/api/v1/subjects","method":"GET"} []
[2018-01-02 19:52:04] application.DEBUG: > GET /api/v1/subjects [] []
[2018-01-02 19:52:04] application.DEBUG: < 200 [] []
[2018-01-02 19:52:06] application.INFO: Matched route "{route}". {"route":"GET_api_v1_topics","route_parameters":{"_controller":"topics.controller:getAll","_route":"GET_api_v1_topics"},"request_uri":"http://vestapp.000webhostapp.com/api/v1/topics","method":"GET"} []
[2018-01-02 19:52:06] application.DEBUG: > GET /api/v1/topics [] []
[2018-01-02 19:52:06] application.DEBUG: < 200 [] []
[2018-01-02 19:52:14] application.INFO: Matched route "{route}". {"route":"GET_api_v1_topics","route_parameters":{"_controller":"topics.controller:getAll","_route":"GET_api_v1_topics"},"request_uri":"http://vestapp.000webhostapp.com/api/v1/topics","method":"GET"} []
[2018-01-02 19:52:14] application.DEBUG: > GET /api/v1/topics [] []
[2018-01-02 19:52:14] application.DEBUG: < 200 [] []
[2018-01-02 19:52:27] application.INFO: Matched route "{route}". {"route":"GET_api_v1_topics","route_parameters":{"_controller":"topics.controller:getAll","_route":"GET_api_v1_topics"},"request_uri":"http://vestapp.000webhostapp.com/api/v1/topics","method":"GET"} []
[2018-01-02 19:52:27] application.DEBUG: > GET /api/v1/topics [] []
[2018-01-02 19:52:28] application.DEBUG: < 200 [] []
[2018-01-02 19:52:47] application.INFO: Matched route "{route}". {"route":"GET_api_v1_subjects","route_parameters":{"_controller":"subjects.controller:getAll","_route":"GET_api_v1_subjects"},"request_uri":"http://vestapp.000webhostapp.com/api/v1/subjects","method":"GET"} []
[2018-01-02 19:52:47] application.DEBUG: > GET /api/v1/subjects [] []
[2018-01-02 19:52:48] application.DEBUG: < 200 [] []
[2018-01-02 19:52:49] application.INFO: Matched route "{route}". {"route":"GET_api_v1_topics","route_parameters":{"_controller":"topics.controller:getAll","_route":"GET_api_v1_topics"},"request_uri":"http://vestapp.000webhostapp.com/api/v1/topics","method":"GET"} []
[2018-01-02 19:52:49] application.DEBUG: > GET /api/v1/topics [] []
[2018-01-02 19:52:49] application.DEBUG: < 200 [] []
[2018-01-02 19:53:27] application.INFO: Matched route "{route}". {"route":"GET_api_v1_subjects","route_parameters":{"_controller":"subjects.controller:getAll","_route":"GET_api_v1_subjects"},"request_uri":"http://vestapp.000webhostapp.com/api/v1/subjects","method":"GET"} []
[2018-01-02 19:53:27] application.DEBUG: > GET /api/v1/subjects [] []
[2018-01-02 19:53:27] application.DEBUG: < 200 [] []
[2018-01-02 19:53:30] application.INFO: Matched route "{route}". {"route":"GET_api_v1_topics","route_parameters":{"_controller":"topics.controller:getAll","_route":"GET_api_v1_topics"},"request_uri":"http://vestapp.000webhostapp.com/api/v1/topics","method":"GET"} []
[2018-01-02 19:53:30] application.DEBUG: > GET /api/v1/topics [] []
[2018-01-02 19:53:30] application.DEBUG: < 200 [] []
[2018-01-02 19:53:44] application.INFO: Matched route "{route}". {"route":"GET_api_v1_topics","route_parameters":{"_controller":"topics.controller:getAll","_route":"GET_api_v1_topics"},"request_uri":"http://vestapp.000webhostapp.com/api/v1/topics","method":"GET"} []
[2018-01-02 19:53:44] application.DEBUG: > GET /api/v1/topics [] []
[2018-01-02 19:53:44] application.DEBUG: < 200 [] []
[2018-01-02 19:53:53] application.INFO: Matched route "{route}". {"route":"GET_api_v1_topics","route_parameters":{"_controller":"topics.controller:getAll","_route":"GET_api_v1_topics"},"request_uri":"http://vestapp.000webhostapp.com/api/v1/topics","method":"GET"} []
[2018-01-02 19:53:53] application.DEBUG: > GET /api/v1/topics [] []
[2018-01-02 19:53:53] application.DEBUG: < 200 [] []
[2018-01-02 19:55:19] application.INFO: Matched route "{route}". {"route":"GET_api_v1_subjects","route_parameters":{"_controller":"subjects.controller:getAll","_route":"GET_api_v1_subjects"},"request_uri":"http://vestapp.000webhostapp.com/api/v1/subjects","method":"GET"} []
[2018-01-02 19:55:19] application.DEBUG: > GET /api/v1/subjects [] []
[2018-01-02 19:55:19] application.DEBUG: < 200 [] []
[2018-01-02 19:55:23] application.INFO: Matched route "{route}". {"route":"GET_api_v1_subjects","route_parameters":{"_controller":"subjects.controller:getAll","_route":"GET_api_v1_subjects"},"request_uri":"http://vestapp.000webhostapp.com/api/v1/subjects","method":"GET"} []
[2018-01-02 19:55:23] application.DEBUG: > GET /api/v1/subjects [] []
[2018-01-02 19:55:23] application.DEBUG: < 200 [] []
[2018-01-02 19:55:42] application.INFO: Matched route "{route}". {"route":"GET_api_v1_subjects","route_parameters":{"_controller":"subjects.controller:getAll","_route":"GET_api_v1_subjects"},"request_uri":"http://vestapp.000webhostapp.com/api/v1/subjects","method":"GET"} []
[2018-01-02 19:55:42] application.DEBUG: > GET /api/v1/subjects [] []
[2018-01-02 19:55:42] application.DEBUG: < 200 [] []
[2018-01-02 19:55:44] application.INFO: Matched route "{route}". {"route":"GET_api_v1_topics","route_parameters":{"_controller":"topics.controller:getAll","_route":"GET_api_v1_topics"},"request_uri":"http://vestapp.000webhostapp.com/api/v1/topics","method":"GET"} []
[2018-01-02 19:55:44] application.DEBUG: > GET /api/v1/topics [] []
[2018-01-02 19:55:45] application.DEBUG: < 200 [] []
[2018-01-02 19:55:52] application.INFO: Matched route "{route}". {"route":"GET_api_v1_topics","route_parameters":{"_controller":"topics.controller:getAll","_route":"GET_api_v1_topics"},"request_uri":"http://vestapp.000webhostapp.com/api/v1/topics","method":"GET"} []
[2018-01-02 19:55:52] application.DEBUG: > GET /api/v1/topics [] []
[2018-01-02 19:55:52] application.DEBUG: < 200 [] []
[2018-01-02 19:55:57] application.INFO: Matched route "{route}". {"route":"GET_api_v1_topics","route_parameters":{"_controller":"topics.controller:getAll","_route":"GET_api_v1_topics"},"request_uri":"http://vestapp.000webhostapp.com/api/v1/topics","method":"GET"} []
[2018-01-02 19:55:57] application.DEBUG: > GET /api/v1/topics [] []
[2018-01-02 19:55:57] application.DEBUG: < 200 [] []
[2018-01-02 19:56:11] application.INFO: Matched route "{route}". {"route":"GET_api_v1_topics","route_parameters":{"_controller":"topics.controller:getAll","_route":"GET_api_v1_topics"},"request_uri":"http://vestapp.000webhostapp.com/api/v1/topics","method":"GET"} []
[2018-01-02 19:56:11] application.DEBUG: > GET /api/v1/topics [] []
[2018-01-02 19:56:12] application.DEBUG: < 200 [] []
[2018-01-02 19:56:20] application.INFO: Matched route "{route}". {"route":"GET_api_v1_subjects","route_parameters":{"_controller":"subjects.controller:getAll","_route":"GET_api_v1_subjects"},"request_uri":"http://vestapp.000webhostapp.com/api/v1/subjects","method":"GET"} []
[2018-01-02 19:56:20] application.DEBUG: > GET /api/v1/subjects [] []
[2018-01-02 19:56:20] application.DEBUG: < 200 [] []
[2018-01-02 19:56:21] application.INFO: Matched route "{route}". {"route":"GET_api_v1_topics","route_parameters":{"_controller":"topics.controller:getAll","_route":"GET_api_v1_topics"},"request_uri":"http://vestapp.000webhostapp.com/api/v1/topics","method":"GET"} []
[2018-01-02 19:56:21] application.DEBUG: > GET /api/v1/topics [] []
[2018-01-02 19:56:22] application.DEBUG: < 200 [] []
[2018-01-02 19:56:47] application.INFO: Matched route "{route}". {"route":"GET_api_v1_topics","route_parameters":{"_controller":"topics.controller:getAll","_route":"GET_api_v1_topics"},"request_uri":"http://vestapp.000webhostapp.com/api/v1/topics","method":"GET"} []
[2018-01-02 19:56:47] application.DEBUG: > GET /api/v1/topics [] []
[2018-01-02 19:56:48] application.DEBUG: < 200 [] []
[2018-01-02 20:58:34] application.INFO: Matched route "{route}". {"route":"GET_api_v1_topics","route_parameters":{"_controller":"topics.controller:getAll","_route":"GET_api_v1_topics"},"request_uri":"http://vestapp.000webhostapp.com/api/v1/topics","method":"GET"} []
[2018-01-02 20:58:34] application.DEBUG: > GET /api/v1/topics [] []
[2018-01-02 20:58:34] application.DEBUG: < 200 [] []
[2018-01-02 21:04:08] application.INFO: Matched route "{route}". {"route":"GET_api_v1_topics","route_parameters":{"_controller":"topics.controller:getAll","_route":"GET_api_v1_topics"},"request_uri":"http://vestapp.000webhostapp.com/api/v1/topics","method":"GET"} []
[2018-01-02 21:04:08] application.DEBUG: > GET /api/v1/topics [] []
[2018-01-02 21:04:08] application.DEBUG: < 200 [] []
[2018-01-02 21:04:11] application.INFO: Matched route "{route}". {"route":"GET_api_v1_topics","route_parameters":{"_controller":"topics.controller:getAll","_route":"GET_api_v1_topics"},"request_uri":"http://vestapp.000webhostapp.com/api/v1/topics","method":"GET"} []
[2018-01-02 21:04:11] application.DEBUG: > GET /api/v1/topics [] []
[2018-01-02 21:04:11] application.DEBUG: < 200 [] []
[2018-01-02 21:13:13] application.INFO: Matched route "{route}". {"route":"GET_api_v1_topics","route_parameters":{"_controller":"topics.controller:getAll","_route":"GET_api_v1_topics"},"request_uri":"http://vestapp.000webhostapp.com/api/v1/topics","method":"GET"} []
[2018-01-02 21:13:13] application.DEBUG: > GET /api/v1/topics [] []
[2018-01-02 21:13:13] application.DEBUG: < 200 [] []
